{"/Users/maaretp/Documents/cgi-code/ai-native-for-testers/src/App.vue": {"path":"/Users/maaretp/Documents/cgi-code/ai-native-for-testers/src/App.vue","all":false,"statementMap":{"0":{"start":{"line":1,"column":0},"end":{"line":1,"column":14}},"1":{"start":{"line":2,"column":0},"end":{"line":2,"column":59}},"2":{"start":{"line":3,"column":0},"end":{"line":3,"column":50}},"3":{"start":{"line":4,"column":0},"end":{"line":4,"column":52}},"4":{"start":{"line":5,"column":0},"end":{"line":5,"column":61}},"6":{"start":{"line":7,"column":0},"end":{"line":7,"column":78}},"7":{"start":{"line":8,"column":0},"end":{"line":8,"column":32}},"8":{"start":{"line":9,"column":0},"end":{"line":9,"column":22}},"9":{"start":{"line":10,"column":0},"end":{"line":10,"column":31}},"10":{"start":{"line":11,"column":0},"end":{"line":11,"column":28}},"11":{"start":{"line":12,"column":0},"end":{"line":12,"column":24}},"12":{"start":{"line":13,"column":0},"end":{"line":13,"column":29}},"14":{"start":{"line":15,"column":0},"end":{"line":15,"column":78}},"15":{"start":{"line":16,"column":0},"end":{"line":16,"column":23}},"16":{"start":{"line":17,"column":0},"end":{"line":17,"column":7}},"17":{"start":{"line":18,"column":0},"end":{"line":18,"column":55}},"18":{"start":{"line":19,"column":0},"end":{"line":19,"column":35}},"19":{"start":{"line":20,"column":0},"end":{"line":20,"column":16}},"20":{"start":{"line":21,"column":0},"end":{"line":21,"column":44}},"21":{"start":{"line":22,"column":0},"end":{"line":22,"column":1}},"23":{"start":{"line":24,"column":0},"end":{"line":24,"column":20}},"24":{"start":{"line":25,"column":0},"end":{"line":25,"column":71}},"25":{"start":{"line":26,"column":0},"end":{"line":26,"column":1}},"27":{"start":{"line":28,"column":0},"end":{"line":28,"column":78}},"28":{"start":{"line":29,"column":0},"end":{"line":29,"column":89}},"30":{"start":{"line":31,"column":0},"end":{"line":31,"column":39}},"31":{"start":{"line":32,"column":0},"end":{"line":32,"column":38}},"32":{"start":{"line":33,"column":0},"end":{"line":33,"column":35}},"33":{"start":{"line":34,"column":0},"end":{"line":34,"column":86}},"34":{"start":{"line":35,"column":0},"end":{"line":35,"column":114}},"35":{"start":{"line":36,"column":0},"end":{"line":36,"column":29}},"36":{"start":{"line":37,"column":0},"end":{"line":37,"column":4}},"37":{"start":{"line":38,"column":0},"end":{"line":38,"column":2}},"39":{"start":{"line":40,"column":0},"end":{"line":40,"column":31}},"40":{"start":{"line":41,"column":0},"end":{"line":41,"column":29}},"41":{"start":{"line":42,"column":0},"end":{"line":42,"column":65}},"42":{"start":{"line":43,"column":0},"end":{"line":43,"column":77}},"43":{"start":{"line":44,"column":0},"end":{"line":44,"column":62}},"44":{"start":{"line":45,"column":0},"end":{"line":45,"column":3}},"46":{"start":{"line":47,"column":0},"end":{"line":47,"column":111}},"48":{"start":{"line":49,"column":0},"end":{"line":49,"column":78}},"49":{"start":{"line":50,"column":0},"end":{"line":50,"column":31}},"50":{"start":{"line":51,"column":0},"end":{"line":51,"column":19}},"51":{"start":{"line":52,"column":0},"end":{"line":52,"column":24}},"52":{"start":{"line":53,"column":0},"end":{"line":53,"column":1}},"54":{"start":{"line":55,"column":0},"end":{"line":55,"column":23}},"55":{"start":{"line":56,"column":0},"end":{"line":56,"column":25}},"56":{"start":{"line":57,"column":0},"end":{"line":57,"column":21}},"57":{"start":{"line":58,"column":0},"end":{"line":58,"column":1}},"59":{"start":{"line":60,"column":0},"end":{"line":60,"column":30}},"60":{"start":{"line":61,"column":0},"end":{"line":61,"column":56}},"61":{"start":{"line":62,"column":0},"end":{"line":62,"column":21}},"62":{"start":{"line":63,"column":0},"end":{"line":63,"column":66}},"63":{"start":{"line":64,"column":0},"end":{"line":64,"column":41}},"64":{"start":{"line":65,"column":0},"end":{"line":65,"column":10}},"65":{"start":{"line":66,"column":0},"end":{"line":66,"column":26}},"66":{"start":{"line":67,"column":0},"end":{"line":67,"column":3}},"67":{"start":{"line":68,"column":0},"end":{"line":68,"column":11}},"68":{"start":{"line":69,"column":0},"end":{"line":69,"column":14}},"69":{"start":{"line":70,"column":0},"end":{"line":70,"column":1}},"71":{"start":{"line":72,"column":0},"end":{"line":72,"column":26}},"72":{"start":{"line":73,"column":0},"end":{"line":73,"column":51}},"73":{"start":{"line":74,"column":0},"end":{"line":74,"column":50}},"74":{"start":{"line":75,"column":0},"end":{"line":75,"column":54}},"75":{"start":{"line":76,"column":0},"end":{"line":76,"column":11}},"76":{"start":{"line":77,"column":0},"end":{"line":77,"column":1}},"78":{"start":{"line":79,"column":0},"end":{"line":79,"column":25}},"79":{"start":{"line":80,"column":0},"end":{"line":80,"column":52}},"80":{"start":{"line":81,"column":0},"end":{"line":81,"column":61}},"81":{"start":{"line":82,"column":0},"end":{"line":82,"column":39}},"82":{"start":{"line":83,"column":0},"end":{"line":83,"column":39}},"83":{"start":{"line":84,"column":0},"end":{"line":84,"column":14}},"84":{"start":{"line":85,"column":0},"end":{"line":85,"column":78}},"85":{"start":{"line":86,"column":0},"end":{"line":86,"column":11}},"86":{"start":{"line":87,"column":0},"end":{"line":87,"column":26}},"87":{"start":{"line":88,"column":0},"end":{"line":88,"column":1}},"89":{"start":{"line":90,"column":0},"end":{"line":90,"column":26}},"90":{"start":{"line":91,"column":0},"end":{"line":91,"column":28}},"91":{"start":{"line":92,"column":0},"end":{"line":92,"column":1}},"93":{"start":{"line":94,"column":0},"end":{"line":94,"column":26}},"94":{"start":{"line":95,"column":0},"end":{"line":95,"column":32}},"95":{"start":{"line":96,"column":0},"end":{"line":96,"column":19}},"96":{"start":{"line":97,"column":0},"end":{"line":97,"column":33}},"97":{"start":{"line":98,"column":0},"end":{"line":98,"column":26}},"98":{"start":{"line":99,"column":0},"end":{"line":99,"column":9}},"99":{"start":{"line":100,"column":0},"end":{"line":100,"column":48}},"100":{"start":{"line":101,"column":0},"end":{"line":101,"column":73}},"101":{"start":{"line":102,"column":0},"end":{"line":102,"column":57}},"102":{"start":{"line":103,"column":0},"end":{"line":103,"column":94}},"104":{"start":{"line":105,"column":0},"end":{"line":105,"column":116}},"106":{"start":{"line":107,"column":0},"end":{"line":107,"column":19}},"107":{"start":{"line":108,"column":0},"end":{"line":108,"column":35}},"108":{"start":{"line":109,"column":0},"end":{"line":109,"column":44}},"109":{"start":{"line":110,"column":0},"end":{"line":110,"column":75}},"110":{"start":{"line":111,"column":0},"end":{"line":111,"column":52}},"111":{"start":{"line":112,"column":0},"end":{"line":112,"column":42}},"112":{"start":{"line":113,"column":0},"end":{"line":113,"column":10}},"113":{"start":{"line":114,"column":0},"end":{"line":114,"column":14}},"114":{"start":{"line":115,"column":0},"end":{"line":115,"column":68}},"115":{"start":{"line":116,"column":0},"end":{"line":116,"column":7}},"117":{"start":{"line":118,"column":0},"end":{"line":118,"column":15}},"118":{"start":{"line":119,"column":0},"end":{"line":119,"column":65}},"119":{"start":{"line":120,"column":0},"end":{"line":120,"column":19}},"120":{"start":{"line":121,"column":0},"end":{"line":121,"column":44}},"121":{"start":{"line":122,"column":0},"end":{"line":122,"column":5}},"122":{"start":{"line":123,"column":0},"end":{"line":123,"column":23}},"123":{"start":{"line":124,"column":0},"end":{"line":124,"column":3}},"124":{"start":{"line":125,"column":0},"end":{"line":125,"column":25}},"125":{"start":{"line":126,"column":0},"end":{"line":126,"column":1}},"127":{"start":{"line":128,"column":0},"end":{"line":128,"column":78}},"128":{"start":{"line":129,"column":0},"end":{"line":129,"column":23}},"129":{"start":{"line":130,"column":0},"end":{"line":130,"column":38}},"130":{"start":{"line":131,"column":0},"end":{"line":131,"column":6}},"131":{"start":{"line":132,"column":0},"end":{"line":132,"column":48}},"132":{"start":{"line":133,"column":0},"end":{"line":133,"column":49}},"133":{"start":{"line":134,"column":0},"end":{"line":134,"column":49}},"134":{"start":{"line":135,"column":0},"end":{"line":135,"column":15}},"135":{"start":{"line":136,"column":0},"end":{"line":136,"column":1}},"137":{"start":{"line":138,"column":0},"end":{"line":138,"column":64}},"138":{"start":{"line":139,"column":0},"end":{"line":139,"column":69}},"142":{"start":{"line":143,"column":0},"end":{"line":143,"column":10}},"143":{"start":{"line":144,"column":0},"end":{"line":144,"column":22}},"144":{"start":{"line":145,"column":0},"end":{"line":145,"column":37}},"145":{"start":{"line":146,"column":0},"end":{"line":146,"column":11}},"146":{"start":{"line":147,"column":0},"end":{"line":147,"column":32}},"147":{"start":{"line":148,"column":0},"end":{"line":148,"column":36}},"148":{"start":{"line":149,"column":0},"end":{"line":149,"column":12}},"149":{"start":{"line":150,"column":0},"end":{"line":150,"column":10}},"150":{"start":{"line":151,"column":0},"end":{"line":151,"column":32}},"151":{"start":{"line":152,"column":0},"end":{"line":152,"column":12}},"152":{"start":{"line":153,"column":0},"end":{"line":153,"column":24}},"153":{"start":{"line":154,"column":0},"end":{"line":154,"column":26}},"154":{"start":{"line":155,"column":0},"end":{"line":155,"column":19}},"155":{"start":{"line":156,"column":0},"end":{"line":156,"column":36}},"156":{"start":{"line":157,"column":0},"end":{"line":157,"column":8}},"157":{"start":{"line":158,"column":0},"end":{"line":158,"column":109}},"158":{"start":{"line":159,"column":0},"end":{"line":159,"column":108}},"159":{"start":{"line":160,"column":0},"end":{"line":160,"column":104}},"160":{"start":{"line":161,"column":0},"end":{"line":161,"column":79}},"161":{"start":{"line":162,"column":0},"end":{"line":162,"column":10}},"162":{"start":{"line":163,"column":0},"end":{"line":163,"column":11}},"164":{"start":{"line":165,"column":0},"end":{"line":165,"column":8}},"165":{"start":{"line":166,"column":0},"end":{"line":166,"column":27}},"166":{"start":{"line":167,"column":0},"end":{"line":167,"column":24}},"167":{"start":{"line":168,"column":0},"end":{"line":168,"column":55}},"168":{"start":{"line":169,"column":0},"end":{"line":169,"column":50}},"169":{"start":{"line":170,"column":0},"end":{"line":170,"column":12}},"170":{"start":{"line":171,"column":0},"end":{"line":171,"column":24}},"171":{"start":{"line":172,"column":0},"end":{"line":172,"column":56}},"172":{"start":{"line":173,"column":0},"end":{"line":173,"column":44}},"173":{"start":{"line":174,"column":0},"end":{"line":174,"column":12}},"174":{"start":{"line":175,"column":0},"end":{"line":175,"column":24}},"175":{"start":{"line":176,"column":0},"end":{"line":176,"column":62}},"176":{"start":{"line":177,"column":0},"end":{"line":177,"column":50}},"177":{"start":{"line":178,"column":0},"end":{"line":178,"column":12}},"178":{"start":{"line":179,"column":0},"end":{"line":179,"column":24}},"179":{"start":{"line":180,"column":0},"end":{"line":180,"column":60}},"180":{"start":{"line":181,"column":0},"end":{"line":181,"column":48}},"181":{"start":{"line":182,"column":0},"end":{"line":182,"column":12}},"182":{"start":{"line":183,"column":0},"end":{"line":183,"column":10}},"184":{"start":{"line":185,"column":0},"end":{"line":185,"column":28}},"185":{"start":{"line":186,"column":0},"end":{"line":186,"column":13}},"186":{"start":{"line":187,"column":0},"end":{"line":187,"column":33}},"187":{"start":{"line":188,"column":0},"end":{"line":188,"column":18}},"188":{"start":{"line":189,"column":0},"end":{"line":189,"column":27}},"189":{"start":{"line":190,"column":0},"end":{"line":190,"column":49}},"190":{"start":{"line":191,"column":0},"end":{"line":191,"column":35}},"191":{"start":{"line":192,"column":0},"end":{"line":192,"column":25}},"192":{"start":{"line":193,"column":0},"end":{"line":193,"column":10}},"194":{"start":{"line":195,"column":0},"end":{"line":195,"column":22}},"195":{"start":{"line":196,"column":0},"end":{"line":196,"column":45}},"196":{"start":{"line":197,"column":0},"end":{"line":197,"column":18}},"197":{"start":{"line":198,"column":0},"end":{"line":198,"column":41}},"198":{"start":{"line":199,"column":0},"end":{"line":199,"column":25}},"199":{"start":{"line":200,"column":0},"end":{"line":200,"column":24}},"200":{"start":{"line":201,"column":0},"end":{"line":201,"column":27}},"201":{"start":{"line":202,"column":0},"end":{"line":202,"column":31}},"202":{"start":{"line":203,"column":0},"end":{"line":203,"column":10}},"204":{"start":{"line":205,"column":0},"end":{"line":205,"column":66}},"205":{"start":{"line":206,"column":0},"end":{"line":206,"column":34}},"206":{"start":{"line":207,"column":0},"end":{"line":207,"column":43}},"207":{"start":{"line":208,"column":0},"end":{"line":208,"column":12}},"208":{"start":{"line":209,"column":0},"end":{"line":209,"column":10}},"209":{"start":{"line":210,"column":0},"end":{"line":210,"column":9}},"211":{"start":{"line":212,"column":0},"end":{"line":212,"column":13}},"212":{"start":{"line":213,"column":0},"end":{"line":213,"column":24}},"213":{"start":{"line":214,"column":0},"end":{"line":214,"column":32}},"214":{"start":{"line":215,"column":0},"end":{"line":215,"column":23}},"215":{"start":{"line":216,"column":0},"end":{"line":216,"column":21}},"216":{"start":{"line":217,"column":0},"end":{"line":217,"column":4}}},"s":{"0":1,"1":1,"2":1,"3":1,"4":1,"6":1,"7":1,"8":1,"9":1,"10":1,"11":1,"12":1,"14":1,"15":39,"16":39,"17":39,"18":39,"19":39,"20":1,"21":1,"23":9,"24":9,"25":9,"27":1,"28":1,"30":1,"31":59,"32":59,"33":184,"34":184,"35":184,"36":59,"37":59,"39":1,"40":48,"41":48,"42":48,"43":48,"44":1,"46":1,"48":1,"49":50,"50":50,"51":50,"52":50,"54":40,"55":40,"56":40,"57":40,"59":7,"60":7,"61":7,"62":3,"63":3,"64":7,"65":4,"66":4,"67":7,"68":7,"69":7,"71":3,"72":3,"73":3,"74":2,"75":2,"76":2,"78":2,"79":2,"80":2,"81":2,"82":2,"83":2,"84":2,"85":2,"86":2,"87":2,"89":1,"90":1,"91":1,"93":0,"94":0,"95":0,"96":0,"97":0,"98":0,"99":0,"100":0,"101":0,"102":0,"104":0,"106":0,"107":0,"108":0,"109":0,"110":0,"111":0,"112":0,"113":0,"114":0,"115":0,"117":0,"118":0,"119":0,"120":0,"121":0,"122":0,"123":0,"124":0,"125":0,"127":1,"128":105,"129":105,"130":105,"131":105,"132":105,"133":36,"134":105,"135":105,"137":1,"138":1,"142":1,"143":1,"144":1,"145":1,"146":1,"147":1,"148":1,"149":1,"150":1,"151":1,"152":1,"153":1,"154":1,"155":1,"156":1,"157":1,"158":1,"159":1,"160":1,"161":1,"162":1,"164":1,"165":1,"166":1,"167":1,"168":1,"169":1,"170":1,"171":1,"172":1,"173":1,"174":1,"175":1,"176":1,"177":1,"178":1,"179":1,"180":1,"181":1,"182":1,"184":1,"185":1,"186":1,"187":1,"188":1,"189":1,"190":1,"191":1,"192":1,"194":1,"195":1,"196":1,"197":1,"198":1,"199":1,"200":1,"201":1,"202":1,"204":1,"205":1,"206":1,"207":1,"208":1,"209":1,"211":1,"212":1,"213":1,"214":1,"215":1,"216":1},"branchMap":{"0":{"type":"branch","line":16,"loc":{"start":{"line":16,"column":0},"end":{"line":22,"column":1}},"locations":[{"start":{"line":16,"column":0},"end":{"line":22,"column":1}}]},"1":{"type":"branch","line":19,"loc":{"start":{"line":19,"column":13},"end":{"line":19,"column":35}},"locations":[{"start":{"line":19,"column":13},"end":{"line":19,"column":35}}]},"2":{"type":"branch","line":20,"loc":{"start":{"line":20,"column":4},"end":{"line":20,"column":16}},"locations":[{"start":{"line":20,"column":4},"end":{"line":20,"column":16}}]},"3":{"type":"branch","line":20,"loc":{"start":{"line":20,"column":15},"end":{"line":22,"column":1}},"locations":[{"start":{"line":20,"column":15},"end":{"line":22,"column":1}}]},"4":{"type":"branch","line":21,"loc":{"start":{"line":21,"column":28},"end":{"line":21,"column":43}},"locations":[{"start":{"line":21,"column":28},"end":{"line":21,"column":43}}]},"5":{"type":"branch","line":24,"loc":{"start":{"line":24,"column":0},"end":{"line":26,"column":1}},"locations":[{"start":{"line":24,"column":0},"end":{"line":26,"column":1}}]},"6":{"type":"branch","line":29,"loc":{"start":{"line":29,"column":28},"end":{"line":29,"column":88}},"locations":[{"start":{"line":29,"column":28},"end":{"line":29,"column":88}}]},"7":{"type":"branch","line":29,"loc":{"start":{"line":29,"column":70},"end":{"line":29,"column":85}},"locations":[{"start":{"line":29,"column":70},"end":{"line":29,"column":85}}]},"8":{"type":"branch","line":31,"loc":{"start":{"line":31,"column":32},"end":{"line":38,"column":2}},"locations":[{"start":{"line":31,"column":32},"end":{"line":38,"column":2}}]},"9":{"type":"branch","line":33,"loc":{"start":{"line":33,"column":29},"end":{"line":37,"column":3}},"locations":[{"start":{"line":33,"column":29},"end":{"line":37,"column":3}}]},"10":{"type":"branch","line":34,"loc":{"start":{"line":34,"column":50},"end":{"line":34,"column":85}},"locations":[{"start":{"line":34,"column":50},"end":{"line":34,"column":85}}]},"11":{"type":"branch","line":35,"loc":{"start":{"line":35,"column":22},"end":{"line":35,"column":114}},"locations":[{"start":{"line":35,"column":22},"end":{"line":35,"column":114}}]},"12":{"type":"branch","line":35,"loc":{"start":{"line":35,"column":68},"end":{"line":35,"column":73}},"locations":[{"start":{"line":35,"column":68},"end":{"line":35,"column":73}}]},"13":{"type":"branch","line":36,"loc":{"start":{"line":36,"column":20},"end":{"line":36,"column":28}},"locations":[{"start":{"line":36,"column":20},"end":{"line":36,"column":28}}]},"14":{"type":"branch","line":35,"loc":{"start":{"line":35,"column":81},"end":{"line":35,"column":113}},"locations":[{"start":{"line":35,"column":81},"end":{"line":35,"column":113}}]},"15":{"type":"branch","line":40,"loc":{"start":{"line":40,"column":23},"end":{"line":45,"column":2}},"locations":[{"start":{"line":40,"column":23},"end":{"line":45,"column":2}}]},"16":{"type":"branch","line":42,"loc":{"start":{"line":42,"column":30},"end":{"line":42,"column":56}},"locations":[{"start":{"line":42,"column":30},"end":{"line":42,"column":56}}]},"17":{"type":"branch","line":43,"loc":{"start":{"line":43,"column":36},"end":{"line":43,"column":68}},"locations":[{"start":{"line":43,"column":36},"end":{"line":43,"column":68}}]},"18":{"type":"branch","line":44,"loc":{"start":{"line":44,"column":39},"end":{"line":44,"column":54}},"locations":[{"start":{"line":44,"column":39},"end":{"line":44,"column":54}}]},"19":{"type":"branch","line":47,"loc":{"start":{"line":47,"column":29},"end":{"line":47,"column":110}},"locations":[{"start":{"line":47,"column":29},"end":{"line":47,"column":110}}]},"20":{"type":"branch","line":47,"loc":{"start":{"line":47,"column":48},"end":{"line":47,"column":103}},"locations":[{"start":{"line":47,"column":48},"end":{"line":47,"column":103}}]},"21":{"type":"branch","line":47,"loc":{"start":{"line":47,"column":96},"end":{"line":47,"column":103}},"locations":[{"start":{"line":47,"column":96},"end":{"line":47,"column":103}}]},"22":{"type":"branch","line":47,"loc":{"start":{"line":47,"column":104},"end":{"line":47,"column":110}},"locations":[{"start":{"line":47,"column":104},"end":{"line":47,"column":110}}]},"23":{"type":"branch","line":47,"loc":{"start":{"line":47,"column":68},"end":{"line":47,"column":94}},"locations":[{"start":{"line":47,"column":68},"end":{"line":47,"column":94}}]},"24":{"type":"branch","line":50,"loc":{"start":{"line":50,"column":0},"end":{"line":53,"column":1}},"locations":[{"start":{"line":50,"column":0},"end":{"line":53,"column":1}}]},"25":{"type":"branch","line":55,"loc":{"start":{"line":55,"column":0},"end":{"line":58,"column":1}},"locations":[{"start":{"line":55,"column":0},"end":{"line":58,"column":1}}]},"26":{"type":"branch","line":60,"loc":{"start":{"line":60,"column":0},"end":{"line":70,"column":1}},"locations":[{"start":{"line":60,"column":0},"end":{"line":70,"column":1}}]},"27":{"type":"branch","line":61,"loc":{"start":{"line":61,"column":46},"end":{"line":61,"column":54}},"locations":[{"start":{"line":61,"column":46},"end":{"line":61,"column":54}}]},"28":{"type":"branch","line":62,"loc":{"start":{"line":62,"column":20},"end":{"line":65,"column":3}},"locations":[{"start":{"line":62,"column":20},"end":{"line":65,"column":3}}]},"29":{"type":"branch","line":65,"loc":{"start":{"line":65,"column":3},"end":{"line":67,"column":3}},"locations":[{"start":{"line":65,"column":3},"end":{"line":67,"column":3}}]},"30":{"type":"branch","line":63,"loc":{"start":{"line":63,"column":39},"end":{"line":63,"column":65}},"locations":[{"start":{"line":63,"column":39},"end":{"line":63,"column":65}}]},"31":{"type":"branch","line":72,"loc":{"start":{"line":72,"column":0},"end":{"line":77,"column":1}},"locations":[{"start":{"line":72,"column":0},"end":{"line":77,"column":1}}]},"32":{"type":"branch","line":74,"loc":{"start":{"line":74,"column":44},"end":{"line":74,"column":49}},"locations":[{"start":{"line":74,"column":44},"end":{"line":74,"column":49}}]},"33":{"type":"branch","line":74,"loc":{"start":{"line":74,"column":49},"end":{"line":77,"column":1}},"locations":[{"start":{"line":74,"column":49},"end":{"line":77,"column":1}}]},"34":{"type":"branch","line":73,"loc":{"start":{"line":73,"column":34},"end":{"line":73,"column":50}},"locations":[{"start":{"line":73,"column":34},"end":{"line":73,"column":50}}]},"35":{"type":"branch","line":75,"loc":{"start":{"line":75,"column":37},"end":{"line":75,"column":53}},"locations":[{"start":{"line":75,"column":37},"end":{"line":75,"column":53}}]},"36":{"type":"branch","line":79,"loc":{"start":{"line":79,"column":0},"end":{"line":88,"column":1}},"locations":[{"start":{"line":79,"column":0},"end":{"line":88,"column":1}}]},"37":{"type":"branch","line":90,"loc":{"start":{"line":90,"column":0},"end":{"line":92,"column":1}},"locations":[{"start":{"line":90,"column":0},"end":{"line":92,"column":1}}]},"38":{"type":"branch","line":129,"loc":{"start":{"line":129,"column":0},"end":{"line":136,"column":1}},"locations":[{"start":{"line":129,"column":0},"end":{"line":136,"column":1}}]},"39":{"type":"branch","line":130,"loc":{"start":{"line":130,"column":26},"end":{"line":130,"column":38}},"locations":[{"start":{"line":130,"column":26},"end":{"line":130,"column":38}}]},"40":{"type":"branch","line":132,"loc":{"start":{"line":132,"column":18},"end":{"line":132,"column":31}},"locations":[{"start":{"line":132,"column":18},"end":{"line":132,"column":31}}]},"41":{"type":"branch","line":132,"loc":{"start":{"line":132,"column":32},"end":{"line":132,"column":45}},"locations":[{"start":{"line":132,"column":32},"end":{"line":132,"column":45}}]},"42":{"type":"branch","line":132,"loc":{"start":{"line":132,"column":46},"end":{"line":133,"column":46}},"locations":[{"start":{"line":132,"column":46},"end":{"line":133,"column":46}}]},"43":{"type":"branch","line":133,"loc":{"start":{"line":133,"column":47},"end":{"line":134,"column":49}},"locations":[{"start":{"line":133,"column":47},"end":{"line":134,"column":49}}]},"44":{"type":"branch","line":135,"loc":{"start":{"line":135,"column":4},"end":{"line":135,"column":15}},"locations":[{"start":{"line":135,"column":4},"end":{"line":135,"column":15}}]},"45":{"type":"branch","line":138,"loc":{"start":{"line":138,"column":10},"end":{"line":138,"column":63}},"locations":[{"start":{"line":138,"column":10},"end":{"line":138,"column":63}}]},"46":{"type":"branch","line":153,"loc":{"start":{"line":153,"column":17},"end":{"line":153,"column":24}},"locations":[{"start":{"line":153,"column":17},"end":{"line":153,"column":24}}]},"47":{"type":"branch","line":161,"loc":{"start":{"line":161,"column":44},"end":{"line":161,"column":59}},"locations":[{"start":{"line":161,"column":44},"end":{"line":161,"column":59}}]},"48":{"type":"branch","line":169,"loc":{"start":{"line":169,"column":8},"end":{"line":169,"column":50}},"locations":[{"start":{"line":169,"column":8},"end":{"line":169,"column":50}}]},"49":{"type":"branch","line":173,"loc":{"start":{"line":173,"column":8},"end":{"line":173,"column":44}},"locations":[{"start":{"line":173,"column":8},"end":{"line":173,"column":44}}]},"50":{"type":"branch","line":177,"loc":{"start":{"line":177,"column":8},"end":{"line":177,"column":50}},"locations":[{"start":{"line":177,"column":8},"end":{"line":177,"column":50}}]},"51":{"type":"branch","line":181,"loc":{"start":{"line":181,"column":8},"end":{"line":181,"column":48}},"locations":[{"start":{"line":181,"column":8},"end":{"line":181,"column":48}}]},"52":{"type":"branch","line":153,"loc":{"start":{"line":153,"column":17},"end":{"line":153,"column":24}},"locations":[{"start":{"line":153,"column":17},"end":{"line":153,"column":24}}]},"53":{"type":"branch","line":161,"loc":{"start":{"line":161,"column":44},"end":{"line":161,"column":59}},"locations":[{"start":{"line":161,"column":44},"end":{"line":161,"column":59}}]},"54":{"type":"branch","line":191,"loc":{"start":{"line":191,"column":14},"end":{"line":191,"column":35}},"locations":[{"start":{"line":191,"column":14},"end":{"line":191,"column":35}}]}},"b":{"0":[39],"1":[38],"2":[0],"3":[1],"4":[10],"5":[9],"6":[48],"7":[151],"8":[59],"9":[184],"10":[9],"11":[18],"12":[0],"13":[180],"14":[52],"15":[48],"16":[151],"17":[151],"18":[151],"19":[49],"20":[5],"21":[0],"22":[44],"23":[5],"24":[50],"25":[40],"26":[7],"27":[4],"28":[3],"29":[4],"30":[3],"31":[3],"32":[1],"33":[2],"34":[3],"35":[6],"36":[2],"37":[1],"38":[105],"39":[32],"40":[73],"41":[73],"42":[73],"43":[36],"44":[36],"45":[39],"46":[39],"47":[39],"48":[39],"49":[39],"50":[39],"51":[39],"52":[7],"53":[9],"54":[4]},"fnMap":{"0":{"name":"loadAgents","decl":{"start":{"line":16,"column":0},"end":{"line":22,"column":1}},"loc":{"start":{"line":16,"column":0},"end":{"line":22,"column":1}},"line":16},"1":{"name":"persist","decl":{"start":{"line":24,"column":0},"end":{"line":26,"column":1}},"loc":{"start":{"line":24,"column":0},"end":{"line":26,"column":1}},"line":24},"2":{"name":"openModal","decl":{"start":{"line":50,"column":0},"end":{"line":53,"column":1}},"loc":{"start":{"line":50,"column":0},"end":{"line":53,"column":1}},"line":50},"3":{"name":"closeModal","decl":{"start":{"line":55,"column":0},"end":{"line":58,"column":1}},"loc":{"start":{"line":55,"column":0},"end":{"line":58,"column":1}},"line":55},"4":{"name":"saveAgent","decl":{"start":{"line":60,"column":0},"end":{"line":70,"column":1}},"loc":{"start":{"line":60,"column":0},"end":{"line":70,"column":1}},"line":60},"5":{"name":"deleteAgent","decl":{"start":{"line":72,"column":0},"end":{"line":77,"column":1}},"loc":{"start":{"line":72,"column":0},"end":{"line":77,"column":1}},"line":72},"6":{"name":"exportAgents","decl":{"start":{"line":79,"column":0},"end":{"line":88,"column":1}},"loc":{"start":{"line":79,"column":0},"end":{"line":88,"column":1}},"line":79},"7":{"name":"triggerImport","decl":{"start":{"line":90,"column":0},"end":{"line":92,"column":1}},"loc":{"start":{"line":90,"column":0},"end":{"line":92,"column":1}},"line":90},"8":{"name":"importAgents","decl":{"start":{"line":94,"column":0},"end":{"line":126,"column":1}},"loc":{"start":{"line":94,"column":0},"end":{"line":126,"column":1}},"line":94},"9":{"name":"onKeydown","decl":{"start":{"line":129,"column":0},"end":{"line":136,"column":1}},"loc":{"start":{"line":129,"column":0},"end":{"line":136,"column":1}},"line":129},"10":{"name":"__vite_ssr_import_4__.createElementBlock.__vite_ssr_import_4__.createElementVNode.__vite_ssr_import_4__.createElementVNode.__vite_ssr_import_4__.withDirectives.__vite_ssr_import_4__.createElementVNode.onUpdate:modelValue._cache.<computed>._cache.<computed>","decl":{"start":{"line":153,"column":17},"end":{"line":153,"column":24}},"loc":{"start":{"line":153,"column":17},"end":{"line":153,"column":24}},"line":153},"11":{"name":"__vite_ssr_import_4__.createElementBlock.__vite_ssr_import_4__.createElementVNode.__vite_ssr_import_4__.createElementVNode.__vite_ssr_import_4__.createElementVNode.onClick._cache.<computed>._cache.<computed>","decl":{"start":{"line":161,"column":44},"end":{"line":161,"column":59}},"loc":{"start":{"line":161,"column":44},"end":{"line":161,"column":59}},"line":161},"12":{"name":"onClick","decl":{"start":{"line":191,"column":14},"end":{"line":191,"column":35}},"loc":{"start":{"line":191,"column":14},"end":{"line":191,"column":35}},"line":191}},"f":{"0":39,"1":9,"2":50,"3":40,"4":7,"5":3,"6":2,"7":1,"8":0,"9":105,"10":7,"11":9,"12":4}}
,"/Users/maaretp/Documents/cgi-code/ai-native-for-testers/src/__tests__/AgentCard.test.js": {"path":"/Users/maaretp/Documents/cgi-code/ai-native-for-testers/src/__tests__/AgentCard.test.js","all":false,"statementMap":{"0":{"start":{"line":1,"column":0},"end":{"line":1,"column":73}},"1":{"start":{"line":2,"column":0},"end":{"line":2,"column":80}},"2":{"start":{"line":3,"column":0},"end":{"line":3,"column":53}},"3":{"start":{"line":4,"column":0},"end":{"line":4,"column":0}},"4":{"start":{"line":5,"column":0},"end":{"line":5,"column":20}},"5":{"start":{"line":6,"column":0},"end":{"line":6,"column":15}},"6":{"start":{"line":7,"column":0},"end":{"line":7,"column":21}},"7":{"start":{"line":8,"column":0},"end":{"line":8,"column":13}},"8":{"start":{"line":9,"column":0},"end":{"line":9,"column":22}},"9":{"start":{"line":10,"column":0},"end":{"line":10,"column":19}},"10":{"start":{"line":11,"column":0},"end":{"line":11,"column":33}},"11":{"start":{"line":12,"column":0},"end":{"line":12,"column":22}},"12":{"start":{"line":13,"column":0},"end":{"line":13,"column":33}},"13":{"start":{"line":14,"column":0},"end":{"line":14,"column":28}},"14":{"start":{"line":15,"column":0},"end":{"line":15,"column":28}},"15":{"start":{"line":16,"column":0},"end":{"line":16,"column":1}},"16":{"start":{"line":17,"column":0},"end":{"line":17,"column":0}},"17":{"start":{"line":18,"column":0},"end":{"line":18,"column":36}},"18":{"start":{"line":19,"column":0},"end":{"line":19,"column":80}},"19":{"start":{"line":20,"column":0},"end":{"line":20,"column":1}},"20":{"start":{"line":21,"column":0},"end":{"line":21,"column":0}},"21":{"start":{"line":22,"column":0},"end":{"line":22,"column":41}},"22":{"start":{"line":23,"column":0},"end":{"line":23,"column":38}},"23":{"start":{"line":24,"column":0},"end":{"line":24,"column":54}},"24":{"start":{"line":25,"column":0},"end":{"line":25,"column":4}},"25":{"start":{"line":26,"column":0},"end":{"line":26,"column":0}},"26":{"start":{"line":27,"column":0},"end":{"line":27,"column":36}},"27":{"start":{"line":28,"column":0},"end":{"line":28,"column":51}},"28":{"start":{"line":29,"column":0},"end":{"line":29,"column":4}},"29":{"start":{"line":30,"column":0},"end":{"line":30,"column":0}},"30":{"start":{"line":31,"column":0},"end":{"line":31,"column":35}},"31":{"start":{"line":32,"column":0},"end":{"line":32,"column":63}},"32":{"start":{"line":33,"column":0},"end":{"line":33,"column":4}},"33":{"start":{"line":34,"column":0},"end":{"line":34,"column":0}},"34":{"start":{"line":35,"column":0},"end":{"line":35,"column":32}},"35":{"start":{"line":36,"column":0},"end":{"line":36,"column":65}},"36":{"start":{"line":37,"column":0},"end":{"line":37,"column":4}},"37":{"start":{"line":38,"column":0},"end":{"line":38,"column":0}},"38":{"start":{"line":39,"column":0},"end":{"line":39,"column":51}},"39":{"start":{"line":40,"column":0},"end":{"line":40,"column":77}},"40":{"start":{"line":41,"column":0},"end":{"line":41,"column":4}},"41":{"start":{"line":42,"column":0},"end":{"line":42,"column":0}},"42":{"start":{"line":43,"column":0},"end":{"line":43,"column":70}},"43":{"start":{"line":44,"column":0},"end":{"line":44,"column":68}},"44":{"start":{"line":45,"column":0},"end":{"line":45,"column":50}},"45":{"start":{"line":46,"column":0},"end":{"line":46,"column":4}},"46":{"start":{"line":47,"column":0},"end":{"line":47,"column":2}},"47":{"start":{"line":48,"column":0},"end":{"line":48,"column":0}},"48":{"start":{"line":49,"column":0},"end":{"line":49,"column":44}},"49":{"start":{"line":50,"column":0},"end":{"line":50,"column":34}},"50":{"start":{"line":51,"column":0},"end":{"line":51,"column":51}},"51":{"start":{"line":52,"column":0},"end":{"line":52,"column":62}},"52":{"start":{"line":53,"column":0},"end":{"line":53,"column":69}},"53":{"start":{"line":54,"column":0},"end":{"line":54,"column":4}},"54":{"start":{"line":55,"column":0},"end":{"line":55,"column":0}},"55":{"start":{"line":56,"column":0},"end":{"line":56,"column":40}},"56":{"start":{"line":57,"column":0},"end":{"line":57,"column":57}},"57":{"start":{"line":58,"column":0},"end":{"line":58,"column":68}},"58":{"start":{"line":59,"column":0},"end":{"line":59,"column":81}},"59":{"start":{"line":60,"column":0},"end":{"line":60,"column":4}},"60":{"start":{"line":61,"column":0},"end":{"line":61,"column":0}},"61":{"start":{"line":62,"column":0},"end":{"line":62,"column":38}},"62":{"start":{"line":63,"column":0},"end":{"line":63,"column":55}},"63":{"start":{"line":64,"column":0},"end":{"line":64,"column":66}},"64":{"start":{"line":65,"column":0},"end":{"line":65,"column":77}},"65":{"start":{"line":66,"column":0},"end":{"line":66,"column":4}},"66":{"start":{"line":67,"column":0},"end":{"line":67,"column":0}},"67":{"start":{"line":68,"column":0},"end":{"line":68,"column":61}},"68":{"start":{"line":69,"column":0},"end":{"line":69,"column":52}},"69":{"start":{"line":70,"column":0},"end":{"line":70,"column":62}},"70":{"start":{"line":71,"column":0},"end":{"line":71,"column":4}},"71":{"start":{"line":72,"column":0},"end":{"line":72,"column":2}},"72":{"start":{"line":73,"column":0},"end":{"line":73,"column":0}},"73":{"start":{"line":74,"column":0},"end":{"line":74,"column":41}},"74":{"start":{"line":75,"column":0},"end":{"line":75,"column":48}},"75":{"start":{"line":76,"column":0},"end":{"line":76,"column":31}},"76":{"start":{"line":77,"column":0},"end":{"line":77,"column":50}},"77":{"start":{"line":78,"column":0},"end":{"line":78,"column":59}},"78":{"start":{"line":79,"column":0},"end":{"line":79,"column":56}},"79":{"start":{"line":80,"column":0},"end":{"line":80,"column":55}},"80":{"start":{"line":81,"column":0},"end":{"line":81,"column":4}},"81":{"start":{"line":82,"column":0},"end":{"line":82,"column":0}},"82":{"start":{"line":83,"column":0},"end":{"line":83,"column":51}},"83":{"start":{"line":84,"column":0},"end":{"line":84,"column":44}},"84":{"start":{"line":85,"column":0},"end":{"line":85,"column":55}},"85":{"start":{"line":86,"column":0},"end":{"line":86,"column":4}},"86":{"start":{"line":87,"column":0},"end":{"line":87,"column":0}},"87":{"start":{"line":88,"column":0},"end":{"line":88,"column":55}},"88":{"start":{"line":89,"column":0},"end":{"line":89,"column":46}},"89":{"start":{"line":90,"column":0},"end":{"line":90,"column":55}},"90":{"start":{"line":91,"column":0},"end":{"line":91,"column":4}},"91":{"start":{"line":92,"column":0},"end":{"line":92,"column":0}},"92":{"start":{"line":93,"column":0},"end":{"line":93,"column":51}},"93":{"start":{"line":94,"column":0},"end":{"line":94,"column":44}},"94":{"start":{"line":95,"column":0},"end":{"line":95,"column":55}},"95":{"start":{"line":96,"column":0},"end":{"line":96,"column":4}},"96":{"start":{"line":97,"column":0},"end":{"line":97,"column":0}},"97":{"start":{"line":98,"column":0},"end":{"line":98,"column":71}},"98":{"start":{"line":99,"column":0},"end":{"line":99,"column":68}},"99":{"start":{"line":100,"column":0},"end":{"line":100,"column":55}},"100":{"start":{"line":101,"column":0},"end":{"line":101,"column":4}},"101":{"start":{"line":102,"column":0},"end":{"line":102,"column":2}},"102":{"start":{"line":103,"column":0},"end":{"line":103,"column":0}},"103":{"start":{"line":104,"column":0},"end":{"line":104,"column":36}},"104":{"start":{"line":105,"column":0},"end":{"line":105,"column":47}},"105":{"start":{"line":106,"column":0},"end":{"line":106,"column":31}},"106":{"start":{"line":107,"column":0},"end":{"line":107,"column":40}},"107":{"start":{"line":108,"column":0},"end":{"line":108,"column":31}},"108":{"start":{"line":109,"column":0},"end":{"line":109,"column":42}},"109":{"start":{"line":110,"column":0},"end":{"line":110,"column":39}},"110":{"start":{"line":111,"column":0},"end":{"line":111,"column":4}},"111":{"start":{"line":112,"column":0},"end":{"line":112,"column":0}},"112":{"start":{"line":113,"column":0},"end":{"line":113,"column":76}},"113":{"start":{"line":114,"column":0},"end":{"line":114,"column":70}},"114":{"start":{"line":115,"column":0},"end":{"line":115,"column":4}},"115":{"start":{"line":116,"column":0},"end":{"line":116,"column":2}},"116":{"start":{"line":117,"column":0},"end":{"line":117,"column":0}},"117":{"start":{"line":118,"column":0},"end":{"line":118,"column":38}},"118":{"start":{"line":119,"column":0},"end":{"line":119,"column":74}},"119":{"start":{"line":120,"column":0},"end":{"line":120,"column":31}},"120":{"start":{"line":121,"column":0},"end":{"line":121,"column":63}},"121":{"start":{"line":122,"column":0},"end":{"line":122,"column":57}},"122":{"start":{"line":123,"column":0},"end":{"line":123,"column":4}},"123":{"start":{"line":124,"column":0},"end":{"line":124,"column":0}},"124":{"start":{"line":125,"column":0},"end":{"line":125,"column":78}},"125":{"start":{"line":126,"column":0},"end":{"line":126,"column":31}},"126":{"start":{"line":127,"column":0},"end":{"line":127,"column":65}},"127":{"start":{"line":128,"column":0},"end":{"line":128,"column":59}},"128":{"start":{"line":129,"column":0},"end":{"line":129,"column":4}},"129":{"start":{"line":130,"column":0},"end":{"line":130,"column":2}}},"s":{"0":1,"1":1,"2":1,"3":1,"4":1,"5":1,"6":1,"7":1,"8":1,"9":1,"10":1,"11":1,"12":1,"13":1,"14":1,"15":1,"16":1,"17":19,"18":19,"19":19,"20":1,"21":1,"22":1,"23":1,"24":1,"25":1,"26":1,"27":1,"28":1,"29":1,"30":1,"31":1,"32":1,"33":1,"34":1,"35":1,"36":1,"37":1,"38":1,"39":1,"40":1,"41":1,"42":1,"43":1,"44":1,"45":1,"46":1,"47":1,"48":1,"49":1,"50":1,"51":1,"52":1,"53":1,"54":1,"55":1,"56":1,"57":1,"58":1,"59":1,"60":1,"61":1,"62":1,"63":1,"64":1,"65":1,"66":1,"67":1,"68":1,"69":1,"70":1,"71":1,"72":1,"73":1,"74":1,"75":1,"76":1,"77":1,"78":1,"79":1,"80":1,"81":1,"82":1,"83":1,"84":1,"85":1,"86":1,"87":1,"88":1,"89":1,"90":1,"91":1,"92":1,"93":1,"94":1,"95":1,"96":1,"97":1,"98":1,"99":1,"100":1,"101":1,"102":1,"103":1,"104":1,"105":1,"106":1,"107":1,"108":1,"109":1,"110":1,"111":1,"112":1,"113":1,"114":1,"115":1,"116":1,"117":1,"118":1,"119":1,"120":1,"121":1,"122":1,"123":1,"124":1,"125":1,"126":1,"127":1,"128":1,"129":1},"branchMap":{"0":{"type":"branch","line":18,"loc":{"start":{"line":18,"column":0},"end":{"line":20,"column":1}},"locations":[{"start":{"line":18,"column":0},"end":{"line":20,"column":1}}]},"1":{"type":"branch","line":22,"loc":{"start":{"line":22,"column":34},"end":{"line":47,"column":2}},"locations":[{"start":{"line":22,"column":34},"end":{"line":47,"column":2}}]},"2":{"type":"branch","line":23,"loc":{"start":{"line":23,"column":31},"end":{"line":25,"column":3}},"locations":[{"start":{"line":23,"column":31},"end":{"line":25,"column":3}}]},"3":{"type":"branch","line":27,"loc":{"start":{"line":27,"column":29},"end":{"line":29,"column":3}},"locations":[{"start":{"line":27,"column":29},"end":{"line":29,"column":3}}]},"4":{"type":"branch","line":31,"loc":{"start":{"line":31,"column":28},"end":{"line":33,"column":3}},"locations":[{"start":{"line":31,"column":28},"end":{"line":33,"column":3}}]},"5":{"type":"branch","line":35,"loc":{"start":{"line":35,"column":25},"end":{"line":37,"column":3}},"locations":[{"start":{"line":35,"column":25},"end":{"line":37,"column":3}}]},"6":{"type":"branch","line":39,"loc":{"start":{"line":39,"column":44},"end":{"line":41,"column":3}},"locations":[{"start":{"line":39,"column":44},"end":{"line":41,"column":3}}]},"7":{"type":"branch","line":43,"loc":{"start":{"line":43,"column":63},"end":{"line":46,"column":3}},"locations":[{"start":{"line":43,"column":63},"end":{"line":46,"column":3}}]},"8":{"type":"branch","line":49,"loc":{"start":{"line":49,"column":37},"end":{"line":72,"column":2}},"locations":[{"start":{"line":49,"column":37},"end":{"line":72,"column":2}}]},"9":{"type":"branch","line":50,"loc":{"start":{"line":50,"column":27},"end":{"line":54,"column":3}},"locations":[{"start":{"line":50,"column":27},"end":{"line":54,"column":3}}]},"10":{"type":"branch","line":56,"loc":{"start":{"line":56,"column":33},"end":{"line":60,"column":3}},"locations":[{"start":{"line":56,"column":33},"end":{"line":60,"column":3}}]},"11":{"type":"branch","line":62,"loc":{"start":{"line":62,"column":31},"end":{"line":66,"column":3}},"locations":[{"start":{"line":62,"column":31},"end":{"line":66,"column":3}}]},"12":{"type":"branch","line":68,"loc":{"start":{"line":68,"column":54},"end":{"line":71,"column":3}},"locations":[{"start":{"line":68,"column":54},"end":{"line":71,"column":3}}]},"13":{"type":"branch","line":74,"loc":{"start":{"line":74,"column":34},"end":{"line":102,"column":2}},"locations":[{"start":{"line":74,"column":34},"end":{"line":102,"column":2}}]},"14":{"type":"branch","line":75,"loc":{"start":{"line":75,"column":41},"end":{"line":81,"column":3}},"locations":[{"start":{"line":75,"column":41},"end":{"line":81,"column":3}}]},"15":{"type":"branch","line":83,"loc":{"start":{"line":83,"column":44},"end":{"line":86,"column":3}},"locations":[{"start":{"line":83,"column":44},"end":{"line":86,"column":3}}]},"16":{"type":"branch","line":88,"loc":{"start":{"line":88,"column":48},"end":{"line":91,"column":3}},"locations":[{"start":{"line":88,"column":48},"end":{"line":91,"column":3}}]},"17":{"type":"branch","line":93,"loc":{"start":{"line":93,"column":44},"end":{"line":96,"column":3}},"locations":[{"start":{"line":93,"column":44},"end":{"line":96,"column":3}}]},"18":{"type":"branch","line":98,"loc":{"start":{"line":98,"column":64},"end":{"line":101,"column":3}},"locations":[{"start":{"line":98,"column":64},"end":{"line":101,"column":3}}]},"19":{"type":"branch","line":104,"loc":{"start":{"line":104,"column":29},"end":{"line":116,"column":2}},"locations":[{"start":{"line":104,"column":29},"end":{"line":116,"column":2}}]},"20":{"type":"branch","line":105,"loc":{"start":{"line":105,"column":40},"end":{"line":111,"column":3}},"locations":[{"start":{"line":105,"column":40},"end":{"line":111,"column":3}}]},"21":{"type":"branch","line":113,"loc":{"start":{"line":113,"column":69},"end":{"line":115,"column":3}},"locations":[{"start":{"line":113,"column":69},"end":{"line":115,"column":3}}]},"22":{"type":"branch","line":118,"loc":{"start":{"line":118,"column":31},"end":{"line":130,"column":2}},"locations":[{"start":{"line":118,"column":31},"end":{"line":130,"column":2}}]},"23":{"type":"branch","line":119,"loc":{"start":{"line":119,"column":61},"end":{"line":123,"column":3}},"locations":[{"start":{"line":119,"column":61},"end":{"line":123,"column":3}}]},"24":{"type":"branch","line":125,"loc":{"start":{"line":125,"column":65},"end":{"line":129,"column":3}},"locations":[{"start":{"line":125,"column":65},"end":{"line":129,"column":3}}]}},"b":{"0":[19],"1":[1],"2":[1],"3":[1],"4":[1],"5":[1],"6":[1],"7":[1],"8":[1],"9":[1],"10":[1],"11":[1],"12":[1],"13":[1],"14":[1],"15":[1],"16":[1],"17":[1],"18":[1],"19":[1],"20":[1],"21":[1],"22":[1],"23":[1],"24":[1]},"fnMap":{"0":{"name":"mountCard","decl":{"start":{"line":18,"column":0},"end":{"line":20,"column":1}},"loc":{"start":{"line":18,"column":0},"end":{"line":20,"column":1}},"line":18}},"f":{"0":19}}
,"/Users/maaretp/Documents/cgi-code/ai-native-for-testers/src/__tests__/AgentModal.test.js": {"path":"/Users/maaretp/Documents/cgi-code/ai-native-for-testers/src/__tests__/AgentModal.test.js","all":false,"statementMap":{"0":{"start":{"line":1,"column":0},"end":{"line":1,"column":89}},"1":{"start":{"line":2,"column":0},"end":{"line":2,"column":80}},"2":{"start":{"line":3,"column":0},"end":{"line":3,"column":55}},"3":{"start":{"line":4,"column":0},"end":{"line":4,"column":0}},"4":{"start":{"line":5,"column":0},"end":{"line":5,"column":24}},"5":{"start":{"line":6,"column":0},"end":{"line":6,"column":16}},"6":{"start":{"line":7,"column":0},"end":{"line":7,"column":25}},"7":{"start":{"line":8,"column":0},"end":{"line":8,"column":13}},"8":{"start":{"line":9,"column":0},"end":{"line":9,"column":26}},"9":{"start":{"line":10,"column":0},"end":{"line":10,"column":25}},"10":{"start":{"line":11,"column":0},"end":{"line":11,"column":37}},"11":{"start":{"line":12,"column":0},"end":{"line":12,"column":22}},"12":{"start":{"line":13,"column":0},"end":{"line":13,"column":28}},"13":{"start":{"line":14,"column":0},"end":{"line":14,"column":32}},"14":{"start":{"line":15,"column":0},"end":{"line":15,"column":23}},"15":{"start":{"line":16,"column":0},"end":{"line":16,"column":1}},"16":{"start":{"line":17,"column":0},"end":{"line":17,"column":0}},"17":{"start":{"line":18,"column":0},"end":{"line":18,"column":75}},"18":{"start":{"line":19,"column":0},"end":{"line":19,"column":39}},"19":{"start":{"line":20,"column":0},"end":{"line":20,"column":0}},"20":{"start":{"line":21,"column":0},"end":{"line":21,"column":33}},"21":{"start":{"line":22,"column":0},"end":{"line":22,"column":28}},"22":{"start":{"line":23,"column":0},"end":{"line":23,"column":57}},"23":{"start":{"line":24,"column":0},"end":{"line":24,"column":4}},"24":{"start":{"line":25,"column":0},"end":{"line":25,"column":1}},"25":{"start":{"line":26,"column":0},"end":{"line":26,"column":0}},"26":{"start":{"line":27,"column":0},"end":{"line":27,"column":43}},"27":{"start":{"line":28,"column":0},"end":{"line":28,"column":62}},"28":{"start":{"line":29,"column":0},"end":{"line":29,"column":86}},"29":{"start":{"line":30,"column":0},"end":{"line":30,"column":68}},"30":{"start":{"line":31,"column":0},"end":{"line":31,"column":4}},"31":{"start":{"line":32,"column":0},"end":{"line":32,"column":0}},"32":{"start":{"line":33,"column":0},"end":{"line":33,"column":51}},"33":{"start":{"line":34,"column":0},"end":{"line":34,"column":69}},"34":{"start":{"line":35,"column":0},"end":{"line":35,"column":4}},"35":{"start":{"line":36,"column":0},"end":{"line":36,"column":2}},"36":{"start":{"line":37,"column":0},"end":{"line":37,"column":0}},"37":{"start":{"line":38,"column":0},"end":{"line":38,"column":38}},"38":{"start":{"line":39,"column":0},"end":{"line":39,"column":58}},"39":{"start":{"line":40,"column":0},"end":{"line":40,"column":60}},"40":{"start":{"line":41,"column":0},"end":{"line":41,"column":4}},"41":{"start":{"line":42,"column":0},"end":{"line":42,"column":0}},"42":{"start":{"line":43,"column":0},"end":{"line":43,"column":63}},"43":{"start":{"line":44,"column":0},"end":{"line":44,"column":92}},"44":{"start":{"line":45,"column":0},"end":{"line":45,"column":4}},"45":{"start":{"line":46,"column":0},"end":{"line":46,"column":2}},"46":{"start":{"line":47,"column":0},"end":{"line":47,"column":0}},"47":{"start":{"line":48,"column":0},"end":{"line":48,"column":48}},"48":{"start":{"line":49,"column":0},"end":{"line":49,"column":53}},"49":{"start":{"line":50,"column":0},"end":{"line":50,"column":63}},"50":{"start":{"line":51,"column":0},"end":{"line":51,"column":76}},"51":{"start":{"line":52,"column":0},"end":{"line":52,"column":4}},"52":{"start":{"line":53,"column":0},"end":{"line":53,"column":0}},"53":{"start":{"line":54,"column":0},"end":{"line":54,"column":53}},"54":{"start":{"line":55,"column":0},"end":{"line":55,"column":63}},"55":{"start":{"line":56,"column":0},"end":{"line":56,"column":64}},"56":{"start":{"line":57,"column":0},"end":{"line":57,"column":4}},"57":{"start":{"line":58,"column":0},"end":{"line":58,"column":0}},"58":{"start":{"line":59,"column":0},"end":{"line":59,"column":59}},"59":{"start":{"line":60,"column":0},"end":{"line":60,"column":63}},"60":{"start":{"line":61,"column":0},"end":{"line":61,"column":88}},"61":{"start":{"line":62,"column":0},"end":{"line":62,"column":4}},"62":{"start":{"line":63,"column":0},"end":{"line":63,"column":0}},"63":{"start":{"line":64,"column":0},"end":{"line":64,"column":54}},"64":{"start":{"line":65,"column":0},"end":{"line":65,"column":63}},"65":{"start":{"line":66,"column":0},"end":{"line":66,"column":72}},"66":{"start":{"line":67,"column":0},"end":{"line":67,"column":4}},"67":{"start":{"line":68,"column":0},"end":{"line":68,"column":0}},"68":{"start":{"line":69,"column":0},"end":{"line":69,"column":60}},"69":{"start":{"line":70,"column":0},"end":{"line":70,"column":63}},"70":{"start":{"line":71,"column":0},"end":{"line":71,"column":79}},"71":{"start":{"line":72,"column":0},"end":{"line":72,"column":4}},"72":{"start":{"line":73,"column":0},"end":{"line":73,"column":0}},"73":{"start":{"line":74,"column":0},"end":{"line":74,"column":68}},"74":{"start":{"line":75,"column":0},"end":{"line":75,"column":32}},"75":{"start":{"line":76,"column":0},"end":{"line":76,"column":62}},"76":{"start":{"line":77,"column":0},"end":{"line":77,"column":65}},"77":{"start":{"line":78,"column":0},"end":{"line":78,"column":4}},"78":{"start":{"line":79,"column":0},"end":{"line":79,"column":2}},"79":{"start":{"line":80,"column":0},"end":{"line":80,"column":0}},"80":{"start":{"line":81,"column":0},"end":{"line":81,"column":38}},"81":{"start":{"line":82,"column":0},"end":{"line":82,"column":63}},"82":{"start":{"line":83,"column":0},"end":{"line":83,"column":32}},"83":{"start":{"line":84,"column":0},"end":{"line":84,"column":53}},"84":{"start":{"line":85,"column":0},"end":{"line":85,"column":49}},"85":{"start":{"line":86,"column":0},"end":{"line":86,"column":4}},"86":{"start":{"line":87,"column":0},"end":{"line":87,"column":0}},"87":{"start":{"line":88,"column":0},"end":{"line":88,"column":68}},"88":{"start":{"line":89,"column":0},"end":{"line":89,"column":32}},"89":{"start":{"line":90,"column":0},"end":{"line":90,"column":51}},"90":{"start":{"line":91,"column":0},"end":{"line":91,"column":49}},"91":{"start":{"line":92,"column":0},"end":{"line":92,"column":4}},"92":{"start":{"line":93,"column":0},"end":{"line":93,"column":0}},"93":{"start":{"line":94,"column":0},"end":{"line":94,"column":71}},"94":{"start":{"line":95,"column":0},"end":{"line":95,"column":32}},"95":{"start":{"line":96,"column":0},"end":{"line":96,"column":49}},"96":{"start":{"line":97,"column":0},"end":{"line":97,"column":48}},"97":{"start":{"line":98,"column":0},"end":{"line":98,"column":4}},"98":{"start":{"line":99,"column":0},"end":{"line":99,"column":2}},"99":{"start":{"line":100,"column":0},"end":{"line":100,"column":0}},"100":{"start":{"line":101,"column":0},"end":{"line":101,"column":43}},"101":{"start":{"line":102,"column":0},"end":{"line":102,"column":20}},"102":{"start":{"line":103,"column":0},"end":{"line":103,"column":58}},"103":{"start":{"line":104,"column":0},"end":{"line":104,"column":4}},"104":{"start":{"line":105,"column":0},"end":{"line":105,"column":0}},"105":{"start":{"line":106,"column":0},"end":{"line":106,"column":75}},"106":{"start":{"line":107,"column":0},"end":{"line":107,"column":32}},"107":{"start":{"line":108,"column":0},"end":{"line":108,"column":65}},"108":{"start":{"line":109,"column":0},"end":{"line":109,"column":55}},"109":{"start":{"line":110,"column":0},"end":{"line":110,"column":79}},"110":{"start":{"line":111,"column":0},"end":{"line":111,"column":47}},"111":{"start":{"line":112,"column":0},"end":{"line":112,"column":4}},"112":{"start":{"line":113,"column":0},"end":{"line":113,"column":0}},"113":{"start":{"line":114,"column":0},"end":{"line":114,"column":78}},"114":{"start":{"line":115,"column":0},"end":{"line":115,"column":32}},"115":{"start":{"line":116,"column":0},"end":{"line":116,"column":59}},"116":{"start":{"line":117,"column":0},"end":{"line":117,"column":55}},"117":{"start":{"line":118,"column":0},"end":{"line":118,"column":79}},"118":{"start":{"line":119,"column":0},"end":{"line":119,"column":47}},"119":{"start":{"line":120,"column":0},"end":{"line":120,"column":4}},"120":{"start":{"line":121,"column":0},"end":{"line":121,"column":2}},"121":{"start":{"line":122,"column":0},"end":{"line":122,"column":0}},"122":{"start":{"line":123,"column":0},"end":{"line":123,"column":67}},"123":{"start":{"line":124,"column":0},"end":{"line":124,"column":71}},"124":{"start":{"line":125,"column":0},"end":{"line":125,"column":97}},"125":{"start":{"line":126,"column":0},"end":{"line":126,"column":56}},"126":{"start":{"line":127,"column":0},"end":{"line":127,"column":73}},"127":{"start":{"line":128,"column":0},"end":{"line":128,"column":75}},"128":{"start":{"line":129,"column":0},"end":{"line":129,"column":72}},"129":{"start":{"line":130,"column":0},"end":{"line":130,"column":74}},"130":{"start":{"line":131,"column":0},"end":{"line":131,"column":4}},"131":{"start":{"line":132,"column":0},"end":{"line":132,"column":0}},"132":{"start":{"line":133,"column":0},"end":{"line":133,"column":62}},"133":{"start":{"line":134,"column":0},"end":{"line":134,"column":97}},"134":{"start":{"line":135,"column":0},"end":{"line":135,"column":56}},"135":{"start":{"line":136,"column":0},"end":{"line":136,"column":102}},"136":{"start":{"line":137,"column":0},"end":{"line":137,"column":4}},"137":{"start":{"line":138,"column":0},"end":{"line":138,"column":2}},"138":{"start":{"line":139,"column":0},"end":{"line":139,"column":0}},"139":{"start":{"line":140,"column":0},"end":{"line":140,"column":37}},"140":{"start":{"line":141,"column":0},"end":{"line":141,"column":69}},"141":{"start":{"line":142,"column":0},"end":{"line":142,"column":32}},"142":{"start":{"line":143,"column":0},"end":{"line":143,"column":59}},"143":{"start":{"line":144,"column":0},"end":{"line":144,"column":64}},"144":{"start":{"line":145,"column":0},"end":{"line":145,"column":55}},"145":{"start":{"line":146,"column":0},"end":{"line":146,"column":0}},"146":{"start":{"line":147,"column":0},"end":{"line":147,"column":48}},"147":{"start":{"line":148,"column":0},"end":{"line":148,"column":45}},"148":{"start":{"line":149,"column":0},"end":{"line":149,"column":39}},"149":{"start":{"line":150,"column":0},"end":{"line":150,"column":44}},"150":{"start":{"line":151,"column":0},"end":{"line":151,"column":4}},"151":{"start":{"line":152,"column":0},"end":{"line":152,"column":0}},"152":{"start":{"line":153,"column":0},"end":{"line":153,"column":66}},"153":{"start":{"line":154,"column":0},"end":{"line":154,"column":32}},"154":{"start":{"line":155,"column":0},"end":{"line":155,"column":55}},"155":{"start":{"line":156,"column":0},"end":{"line":156,"column":60}},"156":{"start":{"line":157,"column":0},"end":{"line":157,"column":55}},"157":{"start":{"line":158,"column":0},"end":{"line":158,"column":0}},"158":{"start":{"line":159,"column":0},"end":{"line":159,"column":45}},"159":{"start":{"line":160,"column":0},"end":{"line":160,"column":32}},"160":{"start":{"line":161,"column":0},"end":{"line":161,"column":4}},"161":{"start":{"line":162,"column":0},"end":{"line":162,"column":0}},"162":{"start":{"line":163,"column":0},"end":{"line":163,"column":52}},"163":{"start":{"line":164,"column":0},"end":{"line":164,"column":32}},"164":{"start":{"line":165,"column":0},"end":{"line":165,"column":55}},"165":{"start":{"line":166,"column":0},"end":{"line":166,"column":52}},"166":{"start":{"line":167,"column":0},"end":{"line":167,"column":60}},"167":{"start":{"line":168,"column":0},"end":{"line":168,"column":55}},"168":{"start":{"line":169,"column":0},"end":{"line":169,"column":0}},"169":{"start":{"line":170,"column":0},"end":{"line":170,"column":45}},"170":{"start":{"line":171,"column":0},"end":{"line":171,"column":32}},"171":{"start":{"line":172,"column":0},"end":{"line":172,"column":4}},"172":{"start":{"line":173,"column":0},"end":{"line":173,"column":0}},"173":{"start":{"line":174,"column":0},"end":{"line":174,"column":63}},"174":{"start":{"line":175,"column":0},"end":{"line":175,"column":32}},"175":{"start":{"line":176,"column":0},"end":{"line":176,"column":55}},"176":{"start":{"line":177,"column":0},"end":{"line":177,"column":60}},"177":{"start":{"line":178,"column":0},"end":{"line":178,"column":63}},"178":{"start":{"line":179,"column":0},"end":{"line":179,"column":55}},"179":{"start":{"line":180,"column":0},"end":{"line":180,"column":0}},"180":{"start":{"line":181,"column":0},"end":{"line":181,"column":45}},"181":{"start":{"line":182,"column":0},"end":{"line":182,"column":52}},"182":{"start":{"line":183,"column":0},"end":{"line":183,"column":4}},"183":{"start":{"line":184,"column":0},"end":{"line":184,"column":0}},"184":{"start":{"line":185,"column":0},"end":{"line":185,"column":51}},"185":{"start":{"line":186,"column":0},"end":{"line":186,"column":32}},"186":{"start":{"line":187,"column":0},"end":{"line":187,"column":55}},"187":{"start":{"line":188,"column":0},"end":{"line":188,"column":60}},"188":{"start":{"line":189,"column":0},"end":{"line":189,"column":60}},"189":{"start":{"line":190,"column":0},"end":{"line":190,"column":55}},"190":{"start":{"line":191,"column":0},"end":{"line":191,"column":0}},"191":{"start":{"line":192,"column":0},"end":{"line":192,"column":45}},"192":{"start":{"line":193,"column":0},"end":{"line":193,"column":45}},"193":{"start":{"line":194,"column":0},"end":{"line":194,"column":4}},"194":{"start":{"line":195,"column":0},"end":{"line":195,"column":0}},"195":{"start":{"line":196,"column":0},"end":{"line":196,"column":79}},"196":{"start":{"line":197,"column":0},"end":{"line":197,"column":32}},"197":{"start":{"line":198,"column":0},"end":{"line":198,"column":55}},"198":{"start":{"line":199,"column":0},"end":{"line":199,"column":60}},"199":{"start":{"line":200,"column":0},"end":{"line":200,"column":55}},"200":{"start":{"line":201,"column":0},"end":{"line":201,"column":0}},"201":{"start":{"line":202,"column":0},"end":{"line":202,"column":45}},"202":{"start":{"line":203,"column":0},"end":{"line":203,"column":33}},"203":{"start":{"line":204,"column":0},"end":{"line":204,"column":4}},"204":{"start":{"line":205,"column":0},"end":{"line":205,"column":2}}},"s":{"0":1,"1":1,"2":1,"3":1,"4":1,"5":1,"6":1,"7":1,"8":1,"9":1,"10":1,"11":1,"12":1,"13":1,"14":1,"15":1,"16":1,"17":1,"18":1,"19":1,"20":22,"21":22,"22":22,"23":22,"24":22,"25":1,"26":1,"27":1,"28":1,"29":1,"30":1,"31":1,"32":1,"33":1,"34":1,"35":1,"36":1,"37":1,"38":1,"39":1,"40":1,"41":1,"42":1,"43":1,"44":1,"45":1,"46":1,"47":1,"48":1,"49":1,"50":1,"51":1,"52":1,"53":1,"54":1,"55":1,"56":1,"57":1,"58":1,"59":1,"60":1,"61":1,"62":1,"63":1,"64":1,"65":1,"66":1,"67":1,"68":1,"69":1,"70":1,"71":1,"72":1,"73":1,"74":1,"75":1,"76":1,"77":1,"78":1,"79":1,"80":1,"81":1,"82":1,"83":1,"84":1,"85":1,"86":1,"87":1,"88":1,"89":1,"90":1,"91":1,"92":1,"93":1,"94":1,"95":1,"96":1,"97":1,"98":1,"99":1,"100":1,"101":1,"102":2,"103":1,"104":1,"105":1,"106":1,"107":1,"108":1,"109":1,"110":1,"111":1,"112":1,"113":1,"114":1,"115":1,"116":1,"117":1,"118":1,"119":1,"120":1,"121":1,"122":1,"123":1,"124":1,"125":1,"126":1,"127":1,"128":1,"129":1,"130":1,"131":1,"132":1,"133":1,"134":1,"135":1,"136":1,"137":1,"138":1,"139":1,"140":1,"141":1,"142":1,"143":1,"144":1,"145":1,"146":1,"147":1,"148":1,"149":1,"150":1,"151":1,"152":1,"153":1,"154":1,"155":1,"156":1,"157":1,"158":1,"159":1,"160":1,"161":1,"162":1,"163":1,"164":1,"165":1,"166":1,"167":1,"168":1,"169":1,"170":1,"171":1,"172":1,"173":1,"174":1,"175":1,"176":1,"177":1,"178":1,"179":1,"180":1,"181":1,"182":1,"183":1,"184":1,"185":1,"186":1,"187":1,"188":1,"189":1,"190":1,"191":1,"192":1,"193":1,"194":1,"195":1,"196":1,"197":1,"198":1,"199":1,"200":1,"201":1,"202":1,"203":1,"204":1},"branchMap":{"0":{"type":"branch","line":21,"loc":{"start":{"line":21,"column":0},"end":{"line":25,"column":1}},"locations":[{"start":{"line":21,"column":0},"end":{"line":25,"column":1}}]},"1":{"type":"branch","line":27,"loc":{"start":{"line":27,"column":36},"end":{"line":36,"column":2}},"locations":[{"start":{"line":27,"column":36},"end":{"line":36,"column":2}}]},"2":{"type":"branch","line":28,"loc":{"start":{"line":28,"column":55},"end":{"line":31,"column":3}},"locations":[{"start":{"line":28,"column":55},"end":{"line":31,"column":3}}]},"3":{"type":"branch","line":33,"loc":{"start":{"line":33,"column":44},"end":{"line":35,"column":3}},"locations":[{"start":{"line":33,"column":44},"end":{"line":35,"column":3}}]},"4":{"type":"branch","line":38,"loc":{"start":{"line":38,"column":31},"end":{"line":46,"column":2}},"locations":[{"start":{"line":38,"column":31},"end":{"line":46,"column":2}}]},"5":{"type":"branch","line":39,"loc":{"start":{"line":39,"column":51},"end":{"line":41,"column":3}},"locations":[{"start":{"line":39,"column":51},"end":{"line":41,"column":3}}]},"6":{"type":"branch","line":43,"loc":{"start":{"line":43,"column":56},"end":{"line":45,"column":3}},"locations":[{"start":{"line":43,"column":56},"end":{"line":45,"column":3}}]},"7":{"type":"branch","line":48,"loc":{"start":{"line":48,"column":41},"end":{"line":79,"column":2}},"locations":[{"start":{"line":48,"column":41},"end":{"line":79,"column":2}}]},"8":{"type":"branch","line":49,"loc":{"start":{"line":49,"column":46},"end":{"line":52,"column":3}},"locations":[{"start":{"line":49,"column":46},"end":{"line":52,"column":3}}]},"9":{"type":"branch","line":54,"loc":{"start":{"line":54,"column":46},"end":{"line":57,"column":3}},"locations":[{"start":{"line":54,"column":46},"end":{"line":57,"column":3}}]},"10":{"type":"branch","line":59,"loc":{"start":{"line":59,"column":52},"end":{"line":62,"column":3}},"locations":[{"start":{"line":59,"column":52},"end":{"line":62,"column":3}}]},"11":{"type":"branch","line":64,"loc":{"start":{"line":64,"column":47},"end":{"line":67,"column":3}},"locations":[{"start":{"line":64,"column":47},"end":{"line":67,"column":3}}]},"12":{"type":"branch","line":69,"loc":{"start":{"line":69,"column":53},"end":{"line":72,"column":3}},"locations":[{"start":{"line":69,"column":53},"end":{"line":72,"column":3}}]},"13":{"type":"branch","line":74,"loc":{"start":{"line":74,"column":61},"end":{"line":78,"column":3}},"locations":[{"start":{"line":74,"column":61},"end":{"line":78,"column":3}}]},"14":{"type":"branch","line":81,"loc":{"start":{"line":81,"column":31},"end":{"line":99,"column":2}},"locations":[{"start":{"line":81,"column":31},"end":{"line":99,"column":2}}]},"15":{"type":"branch","line":82,"loc":{"start":{"line":82,"column":50},"end":{"line":86,"column":3}},"locations":[{"start":{"line":82,"column":50},"end":{"line":86,"column":3}}]},"16":{"type":"branch","line":88,"loc":{"start":{"line":88,"column":55},"end":{"line":92,"column":3}},"locations":[{"start":{"line":88,"column":55},"end":{"line":92,"column":3}}]},"17":{"type":"branch","line":94,"loc":{"start":{"line":94,"column":58},"end":{"line":98,"column":3}},"locations":[{"start":{"line":94,"column":58},"end":{"line":98,"column":3}}]},"18":{"type":"branch","line":101,"loc":{"start":{"line":101,"column":36},"end":{"line":121,"column":2}},"locations":[{"start":{"line":101,"column":36},"end":{"line":121,"column":2}}]},"19":{"type":"branch","line":102,"loc":{"start":{"line":102,"column":13},"end":{"line":104,"column":3}},"locations":[{"start":{"line":102,"column":13},"end":{"line":104,"column":3}}]},"20":{"type":"branch","line":103,"loc":{"start":{"line":103,"column":49},"end":{"line":103,"column":57}},"locations":[{"start":{"line":103,"column":49},"end":{"line":103,"column":57}}]},"21":{"type":"branch","line":106,"loc":{"start":{"line":106,"column":62},"end":{"line":112,"column":3}},"locations":[{"start":{"line":106,"column":62},"end":{"line":112,"column":3}}]},"22":{"type":"branch","line":114,"loc":{"start":{"line":114,"column":65},"end":{"line":120,"column":3}},"locations":[{"start":{"line":114,"column":65},"end":{"line":120,"column":3}}]},"23":{"type":"branch","line":123,"loc":{"start":{"line":123,"column":60},"end":{"line":138,"column":2}},"locations":[{"start":{"line":123,"column":60},"end":{"line":138,"column":2}}]},"24":{"type":"branch","line":124,"loc":{"start":{"line":124,"column":64},"end":{"line":131,"column":3}},"locations":[{"start":{"line":124,"column":64},"end":{"line":131,"column":3}}]},"25":{"type":"branch","line":133,"loc":{"start":{"line":133,"column":55},"end":{"line":137,"column":3}},"locations":[{"start":{"line":133,"column":55},"end":{"line":137,"column":3}}]},"26":{"type":"branch","line":140,"loc":{"start":{"line":140,"column":30},"end":{"line":205,"column":2}},"locations":[{"start":{"line":140,"column":30},"end":{"line":205,"column":2}}]},"27":{"type":"branch","line":141,"loc":{"start":{"line":141,"column":56},"end":{"line":151,"column":3}},"locations":[{"start":{"line":141,"column":56},"end":{"line":151,"column":3}}]},"28":{"type":"branch","line":153,"loc":{"start":{"line":153,"column":53},"end":{"line":161,"column":3}},"locations":[{"start":{"line":153,"column":53},"end":{"line":161,"column":3}}]},"29":{"type":"branch","line":163,"loc":{"start":{"line":163,"column":39},"end":{"line":172,"column":3}},"locations":[{"start":{"line":163,"column":39},"end":{"line":172,"column":3}}]},"30":{"type":"branch","line":174,"loc":{"start":{"line":174,"column":50},"end":{"line":183,"column":3}},"locations":[{"start":{"line":174,"column":50},"end":{"line":183,"column":3}}]},"31":{"type":"branch","line":185,"loc":{"start":{"line":185,"column":38},"end":{"line":194,"column":3}},"locations":[{"start":{"line":185,"column":38},"end":{"line":194,"column":3}}]},"32":{"type":"branch","line":196,"loc":{"start":{"line":196,"column":66},"end":{"line":204,"column":3}},"locations":[{"start":{"line":196,"column":66},"end":{"line":204,"column":3}}]}},"b":{"0":[22],"1":[1],"2":[1],"3":[1],"4":[1],"5":[1],"6":[1],"7":[1],"8":[1],"9":[1],"10":[1],"11":[1],"12":[1],"13":[1],"14":[1],"15":[1],"16":[1],"17":[1],"18":[1],"19":[2],"20":[2],"21":[1],"22":[1],"23":[1],"24":[1],"25":[1],"26":[1],"27":[1],"28":[1],"29":[1],"30":[1],"31":[1],"32":[1]},"fnMap":{"0":{"name":"mountModal","decl":{"start":{"line":21,"column":0},"end":{"line":25,"column":1}},"loc":{"start":{"line":21,"column":0},"end":{"line":25,"column":1}},"line":21}},"f":{"0":22}}
,"/Users/maaretp/Documents/cgi-code/ai-native-for-testers/src/__tests__/App.test.js": {"path":"/Users/maaretp/Documents/cgi-code/ai-native-for-testers/src/__tests__/App.test.js","all":false,"statementMap":{"0":{"start":{"line":1,"column":0},"end":{"line":1,"column":100}},"1":{"start":{"line":2,"column":0},"end":{"line":2,"column":80}},"2":{"start":{"line":3,"column":0},"end":{"line":3,"column":54}},"3":{"start":{"line":4,"column":0},"end":{"line":4,"column":30}},"4":{"start":{"line":5,"column":0},"end":{"line":5,"column":0}},"5":{"start":{"line":6,"column":0},"end":{"line":6,"column":78}},"6":{"start":{"line":7,"column":0},"end":{"line":7,"column":16}},"7":{"start":{"line":8,"column":0},"end":{"line":8,"column":3}},"8":{"start":{"line":9,"column":0},"end":{"line":9,"column":67}},"9":{"start":{"line":10,"column":0},"end":{"line":10,"column":66}},"10":{"start":{"line":11,"column":0},"end":{"line":11,"column":52}},"11":{"start":{"line":12,"column":0},"end":{"line":12,"column":4}},"12":{"start":{"line":13,"column":0},"end":{"line":13,"column":3}},"13":{"start":{"line":14,"column":0},"end":{"line":14,"column":66}},"14":{"start":{"line":15,"column":0},"end":{"line":15,"column":67}},"15":{"start":{"line":16,"column":0},"end":{"line":16,"column":43}},"16":{"start":{"line":17,"column":0},"end":{"line":17,"column":4}},"17":{"start":{"line":18,"column":0},"end":{"line":18,"column":3}},"18":{"start":{"line":19,"column":0},"end":{"line":19,"column":66}},"19":{"start":{"line":20,"column":0},"end":{"line":20,"column":66}},"20":{"start":{"line":21,"column":0},"end":{"line":21,"column":46}},"21":{"start":{"line":22,"column":0},"end":{"line":22,"column":4}},"22":{"start":{"line":23,"column":0},"end":{"line":23,"column":1}},"23":{"start":{"line":24,"column":0},"end":{"line":24,"column":0}},"24":{"start":{"line":25,"column":0},"end":{"line":25,"column":36}},"25":{"start":{"line":26,"column":0},"end":{"line":26,"column":65}},"26":{"start":{"line":27,"column":0},"end":{"line":27,"column":19}},"27":{"start":{"line":28,"column":0},"end":{"line":28,"column":1}},"28":{"start":{"line":29,"column":0},"end":{"line":29,"column":0}},"29":{"start":{"line":30,"column":0},"end":{"line":30,"column":78}},"30":{"start":{"line":31,"column":0},"end":{"line":31,"column":18}},"31":{"start":{"line":32,"column":0},"end":{"line":32,"column":22}},"32":{"start":{"line":33,"column":0},"end":{"line":33,"column":56}},"33":{"start":{"line":34,"column":0},"end":{"line":34,"column":60}},"34":{"start":{"line":35,"column":0},"end":{"line":35,"column":2}},"35":{"start":{"line":36,"column":0},"end":{"line":36,"column":0}},"36":{"start":{"line":37,"column":0},"end":{"line":37,"column":17}},"37":{"start":{"line":38,"column":0},"end":{"line":38,"column":22}},"38":{"start":{"line":39,"column":0},"end":{"line":39,"column":2}},"39":{"start":{"line":40,"column":0},"end":{"line":40,"column":0}},"40":{"start":{"line":41,"column":0},"end":{"line":41,"column":78}},"41":{"start":{"line":42,"column":0},"end":{"line":42,"column":29}},"42":{"start":{"line":43,"column":0},"end":{"line":43,"column":41}},"43":{"start":{"line":44,"column":0},"end":{"line":44,"column":50}},"44":{"start":{"line":45,"column":0},"end":{"line":45,"column":36}},"45":{"start":{"line":46,"column":0},"end":{"line":46,"column":4}},"46":{"start":{"line":47,"column":0},"end":{"line":47,"column":0}},"47":{"start":{"line":48,"column":0},"end":{"line":48,"column":42}},"48":{"start":{"line":49,"column":0},"end":{"line":49,"column":50}},"49":{"start":{"line":50,"column":0},"end":{"line":50,"column":36}},"50":{"start":{"line":51,"column":0},"end":{"line":51,"column":4}},"51":{"start":{"line":52,"column":0},"end":{"line":52,"column":0}},"52":{"start":{"line":53,"column":0},"end":{"line":53,"column":48}},"53":{"start":{"line":54,"column":0},"end":{"line":54,"column":50}},"54":{"start":{"line":55,"column":0},"end":{"line":55,"column":36}},"55":{"start":{"line":56,"column":0},"end":{"line":56,"column":4}},"56":{"start":{"line":57,"column":0},"end":{"line":57,"column":0}},"57":{"start":{"line":58,"column":0},"end":{"line":58,"column":44}},"58":{"start":{"line":59,"column":0},"end":{"line":59,"column":75}},"59":{"start":{"line":60,"column":0},"end":{"line":60,"column":36}},"60":{"start":{"line":61,"column":0},"end":{"line":61,"column":4}},"61":{"start":{"line":62,"column":0},"end":{"line":62,"column":0}},"62":{"start":{"line":63,"column":0},"end":{"line":63,"column":57}},"63":{"start":{"line":64,"column":0},"end":{"line":64,"column":30}},"64":{"start":{"line":65,"column":0},"end":{"line":65,"column":55}},"65":{"start":{"line":66,"column":0},"end":{"line":66,"column":40}},"66":{"start":{"line":67,"column":0},"end":{"line":67,"column":55}},"67":{"start":{"line":68,"column":0},"end":{"line":68,"column":62}},"68":{"start":{"line":69,"column":0},"end":{"line":69,"column":53}},"69":{"start":{"line":70,"column":0},"end":{"line":70,"column":62}},"70":{"start":{"line":71,"column":0},"end":{"line":71,"column":4}},"71":{"start":{"line":72,"column":0},"end":{"line":72,"column":2}},"72":{"start":{"line":73,"column":0},"end":{"line":73,"column":0}},"73":{"start":{"line":74,"column":0},"end":{"line":74,"column":78}},"74":{"start":{"line":75,"column":0},"end":{"line":75,"column":35}},"75":{"start":{"line":76,"column":0},"end":{"line":76,"column":61}},"76":{"start":{"line":77,"column":0},"end":{"line":77,"column":52}},"77":{"start":{"line":78,"column":0},"end":{"line":78,"column":43}},"78":{"start":{"line":79,"column":0},"end":{"line":79,"column":35}},"79":{"start":{"line":80,"column":0},"end":{"line":80,"column":39}},"80":{"start":{"line":81,"column":0},"end":{"line":81,"column":39}},"81":{"start":{"line":82,"column":0},"end":{"line":82,"column":4}},"82":{"start":{"line":83,"column":0},"end":{"line":83,"column":0}},"83":{"start":{"line":84,"column":0},"end":{"line":84,"column":45}},"84":{"start":{"line":85,"column":0},"end":{"line":85,"column":80}},"85":{"start":{"line":86,"column":0},"end":{"line":86,"column":45}},"86":{"start":{"line":87,"column":0},"end":{"line":87,"column":4}},"87":{"start":{"line":88,"column":0},"end":{"line":88,"column":0}},"88":{"start":{"line":89,"column":0},"end":{"line":89,"column":50}},"89":{"start":{"line":90,"column":0},"end":{"line":90,"column":30}},"90":{"start":{"line":91,"column":0},"end":{"line":91,"column":82}},"91":{"start":{"line":92,"column":0},"end":{"line":92,"column":31}},"92":{"start":{"line":93,"column":0},"end":{"line":93,"column":51}},"93":{"start":{"line":94,"column":0},"end":{"line":94,"column":4}},"94":{"start":{"line":95,"column":0},"end":{"line":95,"column":0}},"95":{"start":{"line":96,"column":0},"end":{"line":96,"column":53}},"96":{"start":{"line":97,"column":0},"end":{"line":97,"column":30}},"97":{"start":{"line":98,"column":0},"end":{"line":98,"column":82}},"98":{"start":{"line":99,"column":0},"end":{"line":99,"column":31}},"99":{"start":{"line":100,"column":0},"end":{"line":100,"column":46}},"100":{"start":{"line":101,"column":0},"end":{"line":101,"column":4}},"101":{"start":{"line":102,"column":0},"end":{"line":102,"column":0}},"102":{"start":{"line":103,"column":0},"end":{"line":103,"column":53}},"103":{"start":{"line":104,"column":0},"end":{"line":104,"column":30}},"104":{"start":{"line":105,"column":0},"end":{"line":105,"column":49}},"105":{"start":{"line":106,"column":0},"end":{"line":106,"column":66}},"106":{"start":{"line":107,"column":0},"end":{"line":107,"column":62}},"107":{"start":{"line":108,"column":0},"end":{"line":108,"column":51}},"108":{"start":{"line":109,"column":0},"end":{"line":109,"column":4}},"109":{"start":{"line":110,"column":0},"end":{"line":110,"column":2}},"110":{"start":{"line":111,"column":0},"end":{"line":111,"column":0}},"111":{"start":{"line":112,"column":0},"end":{"line":112,"column":78}},"112":{"start":{"line":113,"column":0},"end":{"line":113,"column":26}},"113":{"start":{"line":114,"column":0},"end":{"line":114,"column":43}},"114":{"start":{"line":115,"column":0},"end":{"line":115,"column":30}},"115":{"start":{"line":116,"column":0},"end":{"line":116,"column":55}},"116":{"start":{"line":117,"column":0},"end":{"line":117,"column":51}},"117":{"start":{"line":118,"column":0},"end":{"line":118,"column":4}},"118":{"start":{"line":119,"column":0},"end":{"line":119,"column":0}},"119":{"start":{"line":120,"column":0},"end":{"line":120,"column":45}},"120":{"start":{"line":121,"column":0},"end":{"line":121,"column":30}},"121":{"start":{"line":122,"column":0},"end":{"line":122,"column":61}},"122":{"start":{"line":123,"column":0},"end":{"line":123,"column":51}},"123":{"start":{"line":124,"column":0},"end":{"line":124,"column":4}},"124":{"start":{"line":125,"column":0},"end":{"line":125,"column":0}},"125":{"start":{"line":126,"column":0},"end":{"line":126,"column":36}},"126":{"start":{"line":127,"column":0},"end":{"line":127,"column":30}},"127":{"start":{"line":128,"column":0},"end":{"line":128,"column":76}},"128":{"start":{"line":129,"column":0},"end":{"line":129,"column":51}},"129":{"start":{"line":130,"column":0},"end":{"line":130,"column":4}},"130":{"start":{"line":131,"column":0},"end":{"line":131,"column":0}},"131":{"start":{"line":132,"column":0},"end":{"line":132,"column":41}},"132":{"start":{"line":133,"column":0},"end":{"line":133,"column":30}},"133":{"start":{"line":134,"column":0},"end":{"line":134,"column":55}},"134":{"start":{"line":135,"column":0},"end":{"line":135,"column":51}},"135":{"start":{"line":136,"column":0},"end":{"line":136,"column":4}},"136":{"start":{"line":137,"column":0},"end":{"line":137,"column":0}},"137":{"start":{"line":138,"column":0},"end":{"line":138,"column":60}},"138":{"start":{"line":139,"column":0},"end":{"line":139,"column":30}},"139":{"start":{"line":140,"column":0},"end":{"line":140,"column":60}},"140":{"start":{"line":141,"column":0},"end":{"line":141,"column":60}},"141":{"start":{"line":142,"column":0},"end":{"line":142,"column":51}},"142":{"start":{"line":143,"column":0},"end":{"line":143,"column":4}},"143":{"start":{"line":144,"column":0},"end":{"line":144,"column":0}},"144":{"start":{"line":145,"column":0},"end":{"line":145,"column":63}},"145":{"start":{"line":146,"column":0},"end":{"line":146,"column":30}},"146":{"start":{"line":147,"column":0},"end":{"line":147,"column":55}},"147":{"start":{"line":148,"column":0},"end":{"line":148,"column":50}},"148":{"start":{"line":149,"column":0},"end":{"line":149,"column":51}},"149":{"start":{"line":150,"column":0},"end":{"line":150,"column":4}},"150":{"start":{"line":151,"column":0},"end":{"line":151,"column":2}},"151":{"start":{"line":152,"column":0},"end":{"line":152,"column":0}},"152":{"start":{"line":153,"column":0},"end":{"line":153,"column":78}},"153":{"start":{"line":154,"column":0},"end":{"line":154,"column":35}},"154":{"start":{"line":155,"column":0},"end":{"line":155,"column":65}},"155":{"start":{"line":156,"column":0},"end":{"line":156,"column":30}},"156":{"start":{"line":157,"column":0},"end":{"line":157,"column":55}},"157":{"start":{"line":158,"column":0},"end":{"line":158,"column":64}},"158":{"start":{"line":159,"column":0},"end":{"line":159,"column":4}},"159":{"start":{"line":160,"column":0},"end":{"line":160,"column":0}},"160":{"start":{"line":161,"column":0},"end":{"line":161,"column":48}},"161":{"start":{"line":162,"column":0},"end":{"line":162,"column":30}},"162":{"start":{"line":163,"column":0},"end":{"line":163,"column":55}},"163":{"start":{"line":164,"column":0},"end":{"line":164,"column":55}},"164":{"start":{"line":165,"column":0},"end":{"line":165,"column":4}},"165":{"start":{"line":166,"column":0},"end":{"line":166,"column":0}},"166":{"start":{"line":167,"column":0},"end":{"line":167,"column":48}},"167":{"start":{"line":168,"column":0},"end":{"line":168,"column":30}},"168":{"start":{"line":169,"column":0},"end":{"line":169,"column":55}},"169":{"start":{"line":170,"column":0},"end":{"line":170,"column":40}},"170":{"start":{"line":171,"column":0},"end":{"line":171,"column":58}},"171":{"start":{"line":172,"column":0},"end":{"line":172,"column":63}},"172":{"start":{"line":173,"column":0},"end":{"line":173,"column":53}},"173":{"start":{"line":174,"column":0},"end":{"line":174,"column":51}},"174":{"start":{"line":175,"column":0},"end":{"line":175,"column":50}},"175":{"start":{"line":176,"column":0},"end":{"line":176,"column":4}},"176":{"start":{"line":177,"column":0},"end":{"line":177,"column":0}},"177":{"start":{"line":178,"column":0},"end":{"line":178,"column":60}},"178":{"start":{"line":179,"column":0},"end":{"line":179,"column":30}},"179":{"start":{"line":180,"column":0},"end":{"line":180,"column":55}},"180":{"start":{"line":181,"column":0},"end":{"line":181,"column":40}},"181":{"start":{"line":182,"column":0},"end":{"line":182,"column":63}},"182":{"start":{"line":183,"column":0},"end":{"line":183,"column":68}},"183":{"start":{"line":184,"column":0},"end":{"line":184,"column":53}},"184":{"start":{"line":185,"column":0},"end":{"line":185,"column":0}},"185":{"start":{"line":186,"column":0},"end":{"line":186,"column":70}},"186":{"start":{"line":187,"column":0},"end":{"line":187,"column":69}},"187":{"start":{"line":188,"column":0},"end":{"line":188,"column":4}},"188":{"start":{"line":189,"column":0},"end":{"line":189,"column":0}},"189":{"start":{"line":190,"column":0},"end":{"line":190,"column":51}},"190":{"start":{"line":191,"column":0},"end":{"line":191,"column":30}},"191":{"start":{"line":192,"column":0},"end":{"line":192,"column":55}},"192":{"start":{"line":193,"column":0},"end":{"line":193,"column":40}},"193":{"start":{"line":194,"column":0},"end":{"line":194,"column":55}},"194":{"start":{"line":195,"column":0},"end":{"line":195,"column":60}},"195":{"start":{"line":196,"column":0},"end":{"line":196,"column":53}},"196":{"start":{"line":197,"column":0},"end":{"line":197,"column":68}},"197":{"start":{"line":198,"column":0},"end":{"line":198,"column":4}},"198":{"start":{"line":199,"column":0},"end":{"line":199,"column":0}},"199":{"start":{"line":200,"column":0},"end":{"line":200,"column":61}},"200":{"start":{"line":201,"column":0},"end":{"line":201,"column":30}},"201":{"start":{"line":202,"column":0},"end":{"line":202,"column":55}},"202":{"start":{"line":203,"column":0},"end":{"line":203,"column":40}},"203":{"start":{"line":204,"column":0},"end":{"line":204,"column":63}},"204":{"start":{"line":205,"column":0},"end":{"line":205,"column":53}},"205":{"start":{"line":206,"column":0},"end":{"line":206,"column":51}},"206":{"st
[...]
52,"column":3}}]},"19":{"type":"branch","line":52,"loc":{"start":{"line":52,"column":2},"end":{"line":55,"column":33}},"locations":[{"start":{"line":52,"column":2},"end":{"line":55,"column":33}}]},"20":{"type":"branch","line":55,"loc":{"start":{"line":55,"column":33},"end":{"line":55,"column":40}},"locations":[{"start":{"line":55,"column":33},"end":{"line":55,"column":40}}]},"21":{"type":"branch","line":56,"loc":{"start":{"line":56,"column":41},"end":{"line":56,"column":54}},"locations":[{"start":{"line":56,"column":41},"end":{"line":56,"column":54}}]},"22":{"type":"branch","line":60,"loc":{"start":{"line":60,"column":0},"end":{"line":62,"column":1}},"locations":[{"start":{"line":60,"column":0},"end":{"line":62,"column":1}}]},"23":{"type":"branch","line":61,"loc":{"start":{"line":61,"column":36},"end":{"line":61,"column":49}},"locations":[{"start":{"line":61,"column":36},"end":{"line":61,"column":49}}]},"24":{"type":"branch","line":68,"loc":{"start":{"line":68,"column":24},"end":{"line":68,"column":61}},"locations":[{"start":{"line":68,"column":24},"end":{"line":68,"column":61}}]},"25":{"type":"branch","line":68,"loc":{"start":{"line":68,"column":24},"end":{"line":68,"column":61}},"locations":[{"start":{"line":68,"column":24},"end":{"line":68,"column":61}}]},"26":{"type":"branch","line":71,"loc":{"start":{"line":71,"column":8},"end":{"line":71,"column":29}},"locations":[{"start":{"line":71,"column":8},"end":{"line":71,"column":29}}]},"27":{"type":"branch","line":72,"loc":{"start":{"line":72,"column":24},"end":{"line":72,"column":35}},"locations":[{"start":{"line":72,"column":24},"end":{"line":72,"column":35}}]},"28":{"type":"branch","line":76,"loc":{"start":{"line":76,"column":8},"end":{"line":76,"column":35}},"locations":[{"start":{"line":76,"column":8},"end":{"line":76,"column":35}}]},"29":{"type":"branch","line":77,"loc":{"start":{"line":77,"column":24},"end":{"line":77,"column":35}},"locations":[{"start":{"line":77,"column":24},"end":{"line":77,"column":35}}]},"30":{"type":"branch","line":81,"loc":{"start":{"line":81,"column":8},"end":{"line":81,"column":31}},"locations":[{"start":{"line":81,"column":8},"end":{"line":81,"column":31}}]},"31":{"type":"branch","line":82,"loc":{"start":{"line":82,"column":25},"end":{"line":82,"column":40}},"locations":[{"start":{"line":82,"column":25},"end":{"line":82,"column":40}}]},"32":{"type":"branch","line":94,"loc":{"start":{"line":94,"column":8},"end":{"line":94,"column":29}},"locations":[{"start":{"line":94,"column":8},"end":{"line":94,"column":29}}]},"33":{"type":"branch","line":95,"loc":{"start":{"line":95,"column":25},"end":{"line":95,"column":38}},"locations":[{"start":{"line":95,"column":25},"end":{"line":95,"column":38}}]},"34":{"type":"branch","line":103,"loc":{"start":{"line":103,"column":8},"end":{"line":103,"column":32}},"locations":[{"start":{"line":103,"column":8},"end":{"line":103,"column":32}}]},"35":{"type":"branch","line":104,"loc":{"start":{"line":104,"column":27},"end":{"line":104,"column":41}},"locations":[{"start":{"line":104,"column":27},"end":{"line":104,"column":41}}]},"36":{"type":"branch","line":108,"loc":{"start":{"line":108,"column":8},"end":{"line":108,"column":43}},"locations":[{"start":{"line":108,"column":8},"end":{"line":108,"column":43}}]},"37":{"type":"branch","line":109,"loc":{"start":{"line":109,"column":24},"end":{"line":109,"column":36}},"locations":[{"start":{"line":109,"column":24},"end":{"line":109,"column":36}}]},"38":{"type":"branch","line":113,"loc":{"start":{"line":113,"column":8},"end":{"line":113,"column":44}},"locations":[{"start":{"line":113,"column":8},"end":{"line":113,"column":44}}]},"39":{"type":"branch","line":114,"loc":{"start":{"line":114,"column":24},"end":{"line":114,"column":38}},"locations":[{"start":{"line":114,"column":24},"end":{"line":114,"column":38}}]},"40":{"type":"branch","line":118,"loc":{"start":{"line":118,"column":8},"end":{"line":118,"column":45}},"locations":[{"start":{"line":118,"column":8},"end":{"line":118,"column":45}}]},"41":{"type":"branch","line":119,"loc":{"start":{"line":119,"column":24},"end":{"line":119,"column":35}},"locations":[{"start":{"line":119,"column":24},"end":{"line":119,"column":35}}]},"42":{"type":"branch","line":123,"loc":{"start":{"line":123,"column":8},"end":{"line":123,"column":28}},"locations":[{"start":{"line":123,"column":8},"end":{"line":123,"column":28}}]},"43":{"type":"branch","line":124,"loc":{"start":{"line":124,"column":27},"end":{"line":124,"column":39}},"locations":[{"start":{"line":124,"column":27},"end":{"line":124,"column":39}}]},"44":{"type":"branch","line":128,"loc":{"start":{"line":128,"column":44},"end":{"line":128,"column":62}},"locations":[{"start":{"line":128,"column":44},"end":{"line":128,"column":62}}]},"45":{"type":"branch","line":72,"loc":{"start":{"line":72,"column":24},"end":{"line":72,"column":35}},"locations":[{"start":{"line":72,"column":24},"end":{"line":72,"column":35}}]},"46":{"type":"branch","line":77,"loc":{"start":{"line":77,"column":24},"end":{"line":77,"column":35}},"locations":[{"start":{"line":77,"column":24},"end":{"line":77,"column":35}}]},"47":{"type":"branch","line":104,"loc":{"start":{"line":104,"column":27},"end":{"line":104,"column":41}},"locations":[{"start":{"line":104,"column":27},"end":{"line":104,"column":41}}]},"48":{"type":"branch","line":119,"loc":{"start":{"line":119,"column":24},"end":{"line":119,"column":35}},"locations":[{"start":{"line":119,"column":24},"end":{"line":119,"column":35}}]},"49":{"type":"branch","line":128,"loc":{"start":{"line":128,"column":44},"end":{"line":128,"column":62}},"locations":[{"start":{"line":128,"column":44},"end":{"line":128,"column":62}}]}},"b":{"0":[121],"1":[126],"2":[126],"3":[54],"4":[72],"5":[13],"6":[0],"7":[2],"8":[0],"9":[0],"10":[0],"11":[2],"12":[2],"13":[2],"14":[2],"15":[59],"16":[16],"17":[14],"18":[3],"19":[13],"20":[9],"21":[18],"22":[20],"23":[1],"24":[16],"25":[139],"26":[62],"27":[62],"28":[62],"29":[62],"30":[62],"31":[62],"32":[62],"33":[62],"34":[62],"35":[62],"36":[62],"37":[62],"38":[62],"39":[62],"40":[62],"41":[62],"42":[62],"43":[62],"44":[62],"45":[14],"46":[1],"47":[12],"48":[2],"49":[2]},"fnMap":{"0":{"name":"EMPTY_FORM","decl":{"start":{"line":11,"column":19},"end":{"line":21,"column":2}},"loc":{"start":{"line":11,"column":19},"end":{"line":21,"column":2}},"line":11},"1":{"name":"__vite_ssr_import_0__.watch.form.value.name","decl":{"start":{"line":26,"column":2},"end":{"line":26,"column":41}},"loc":{"start":{"line":26,"column":2},"end":{"line":26,"column":41}},"line":26},"2":{"name":"__vite_ssr_import_0__.watch.immediate","decl":{"start":{"line":27,"column":2},"end":{"line":44,"column":3}},"loc":{"start":{"line":27,"column":2},"end":{"line":44,"column":3}},"line":27},"3":{"name":"handleSave","decl":{"start":{"line":48,"column":0},"end":{"line":58,"column":1}},"loc":{"start":{"line":48,"column":0},"end":{"line":58,"column":1}},"line":48},"4":{"name":"handleOverlayClick","decl":{"start":{"line":60,"column":0},"end":{"line":62,"column":1}},"loc":{"start":{"line":60,"column":0},"end":{"line":62,"column":1}},"line":60},"5":{"name":"__vite_ssr_import_1__.createElementBlock.__vite_ssr_import_1__.createElementVNode.__vite_ssr_import_1__.createElementVNode.__vite_ssr_import_1__.withDirectives.__vite_ssr_import_1__.createElementVNode.onUpdate:modelValue._cache.<computed>._cache.<computed>","decl":{"start":{"line":72,"column":24},"end":{"line":72,"column":35}},"loc":{"start":{"line":72,"column":24},"end":{"line":72,"column":35}},"line":72},"6":{"name":"__vite_ssr_import_1__.createElementBlock.__vite_ssr_import_1__.createElementVNode.__vite_ssr_import_1__.createElementVNode.__vite_ssr_import_1__.withDirectives.__vite_ssr_import_1__.createElementVNode.onUpdate:modelValue._cache.<computed>._cache.<computed>","decl":{"start":{"line":77,"column":24},"end":{"line":77,"column":35}},"loc":{"start":{"line":77,"column":24},"end":{"line":77,"column":35}},"line":77},"7":{"name":"__vite_ssr_import_1__.createElementBlock.__vite_ssr_import_1__.createElementVNode.__vite_ssr_import_1__.createElementVNode.__vite_ssr_import_1__.withDirectives.__vite_ssr_import_1__.createElementVNode.onUpdate:modelValue._cache.<computed>._cache.<computed>","decl":{"start":{"line":82,"column":25},"end":{"line":82,"column":40}},"loc":{"start":{"line":82,"column":25},"end":{"line":82,"column":40}},"line":82},"8":{"name":"__vite_ssr_import_1__.createElementBlock.__vite_ssr_import_1__.createElementVNode.__vite_ssr_import_1__.createElementVNode.__vite_ssr_import_1__.withDirectives.__vite_ssr_import_1__.createElementVNode.onUpdate:modelValue._cache.<computed>._cache.<computed>","decl":{"start":{"line":95,"column":25},"end":{"line":95,"column":38}},"loc":{"start":{"line":95,"column":25},"end":{"line":95,"column":38}},"line":95},"9":{"name":"__vite_ssr_import_1__.createElementBlock.__vite_ssr_import_1__.createElementVNode.__vite_ssr_import_1__.createElementVNode.__vite_ssr_import_1__.withDirectives.__vite_ssr_import_1__.createElementVNode.onUpdate:modelValue._cache.<computed>._cache.<computed>","decl":{"start":{"line":104,"column":27},"end":{"line":104,"column":41}},"loc":{"start":{"line":104,"column":27},"end":{"line":104,"column":41}},"line":104},"10":{"name":"__vite_ssr_import_1__.createElementBlock.__vite_ssr_import_1__.createElementVNode.__vite_ssr_import_1__.createElementVNode.__vite_ssr_import_1__.withDirectives.__vite_ssr_import_1__.createElementVNode.onUpdate:modelValue._cache.<computed>._cache.<computed>","decl":{"start":{"line":109,"column":24},"end":{"line":109,"column":36}},"loc":{"start":{"line":109,"column":24},"end":{"line":109,"column":36}},"line":109},"11":{"name":"__vite_ssr_import_1__.createElementBlock.__vite_ssr_import_1__.createElementVNode.__vite_ssr_import_1__.createElementVNode.__vite_ssr_import_1__.withDirectives.__vite_ssr_import_1__.createElementVNode.onUpdate:modelValue._cache.<computed>._cache.<computed>","decl":{"start":{"line":114,"column":24},"end":{"line":114,"column":38}},"loc":{"start":{"line":114,"column":24},"end":{"line":114,"column":38}},"line":114},"12":{"name":"__vite_ssr_import_1__.createElementBlock.__vite_ssr_import_1__.createElementVNode.__vite_ssr_import_1__.createElementVNode.__vite_ssr_import_1__.withDirectives.__vite_ssr_import_1__.createElementVNode.onUpdate:modelValue._cache.<computed>._cache.<computed>","decl":{"start":{"line":119,"column":24},"end":{"line":119,"column":35}},"loc":{"start":{"line":119,"column":24},"end":{"line":119,"column":35}},"line":119},"13":{"name":"__vite_ssr_import_1__.createElementBlock.__vite_ssr_import_1__.createElementVNode.__vite_ssr_import_1__.createElementVNode.__vite_ssr_import_1__.withDirectives.__vite_ssr_import_1__.createElementVNode.onUpdate:modelValue._cache.<computed>._cache.<computed>","decl":{"start":{"line":124,"column":27},"end":{"line":124,"column":39}},"loc":{"start":{"line":124,"column":27},"end":{"line":124,"column":39}},"line":124},"14":{"name":"__vite_ssr_import_1__.createElementBlock.__vite_ssr_import_1__.createElementVNode.__vite_ssr_import_1__.createElementVNode.__vite_ssr_import_1__.createElementVNode.onClick._cache.<computed>._cache.<computed>","decl":{"start":{"line":128,"column":44},"end":{"line":128,"column":62}},"loc":{"start":{"line":128,"column":44},"end":{"line":128,"column":62}},"line":128}},"f":{"0":121,"1":126,"2":126,"3":16,"4":20,"5":14,"6":1,"7":0,"8":0,"9":12,"10":0,"11":0,"12":2,"13":0,"14":2}}
,"/Users/maaretp/Documents/cgi-code/ai-native-for-testers/src/data/defaultAgents.js": {"path":"/Users/maaretp/Documents/cgi-code/ai-native-for-testers/src/data/defaultAgents.js","all":false,"statementMap":{"0":{"start":{"line":1,"column":0},"end":{"line":1,"column":23}},"1":{"start":{"line":2,"column":0},"end":{"line":2,"column":75}},"2":{"start":{"line":3,"column":0},"end":{"line":3,"column":1}},"4":{"start":{"line":5,"column":0},"end":{"line":5,"column":28}},"5":{"start":{"line":6,"column":0},"end":{"line":6,"column":44}},"6":{"start":{"line":7,"column":0},"end":{"line":7,"column":44}},"7":{"start":{"line":8,"column":0},"end":{"line":8,"column":44}},"8":{"start":{"line":9,"column":0},"end":{"line":9,"column":44}},"9":{"start":{"line":10,"column":0},"end":{"line":10,"column":44}},"10":{"start":{"line":11,"column":0},"end":{"line":11,"column":44}},"11":{"start":{"line":12,"column":0},"end":{"line":12,"column":44}},"12":{"start":{"line":13,"column":0},"end":{"line":13,"column":2}},"14":{"start":{"line":15,"column":0},"end":{"line":15,"column":32}},"15":{"start":{"line":16,"column":0},"end":{"line":16,"column":12}},"16":{"start":{"line":17,"column":0},"end":{"line":17,"column":83}},"17":{"start":{"line":18,"column":0},"end":{"line":18,"column":45}},"18":{"start":{"line":19,"column":0},"end":{"line":19,"column":1}},"20":{"start":{"line":21,"column":0},"end":{"line":21,"column":31}},"21":{"start":{"line":22,"column":0},"end":{"line":22,"column":3}},"22":{"start":{"line":23,"column":0},"end":{"line":23,"column":90}},"23":{"start":{"line":24,"column":0},"end":{"line":24,"column":135}},"24":{"start":{"line":25,"column":0},"end":{"line":25,"column":23}},"25":{"start":{"line":26,"column":0},"end":{"line":26,"column":124}},"26":{"start":{"line":27,"column":0},"end":{"line":27,"column":51}},"27":{"start":{"line":28,"column":0},"end":{"line":28,"column":87}},"28":{"start":{"line":29,"column":0},"end":{"line":29,"column":4}},"29":{"start":{"line":30,"column":0},"end":{"line":30,"column":3}},"30":{"start":{"line":31,"column":0},"end":{"line":31,"column":86}},"31":{"start":{"line":32,"column":0},"end":{"line":32,"column":153}},"32":{"start":{"line":33,"column":0},"end":{"line":33,"column":52}},"33":{"start":{"line":34,"column":0},"end":{"line":34,"column":94}},"34":{"start":{"line":35,"column":0},"end":{"line":35,"column":47}},"35":{"start":{"line":36,"column":0},"end":{"line":36,"column":99}},"36":{"start":{"line":37,"column":0},"end":{"line":37,"column":4}},"37":{"start":{"line":38,"column":0},"end":{"line":38,"column":3}},"38":{"start":{"line":39,"column":0},"end":{"line":39,"column":84}},"39":{"start":{"line":40,"column":0},"end":{"line":40,"column":165}},"40":{"start":{"line":41,"column":0},"end":{"line":41,"column":56}},"41":{"start":{"line":42,"column":0},"end":{"line":42,"column":88}},"42":{"start":{"line":43,"column":0},"end":{"line":43,"column":49}},"43":{"start":{"line":44,"column":0},"end":{"line":44,"column":87}},"44":{"start":{"line":45,"column":0},"end":{"line":45,"column":4}},"45":{"start":{"line":46,"column":0},"end":{"line":46,"column":3}},"46":{"start":{"line":47,"column":0},"end":{"line":47,"column":98}},"47":{"start":{"line":48,"column":0},"end":{"line":48,"column":180}},"48":{"start":{"line":49,"column":0},"end":{"line":49,"column":51}},"49":{"start":{"line":50,"column":0},"end":{"line":50,"column":117}},"50":{"start":{"line":51,"column":0},"end":{"line":51,"column":43}},"51":{"start":{"line":52,"column":0},"end":{"line":52,"column":117}},"52":{"start":{"line":53,"column":0},"end":{"line":53,"column":4}},"53":{"start":{"line":54,"column":0},"end":{"line":54,"column":3}},"54":{"start":{"line":55,"column":0},"end":{"line":55,"column":95}},"55":{"start":{"line":56,"column":0},"end":{"line":56,"column":165}},"56":{"start":{"line":57,"column":0},"end":{"line":57,"column":37}},"57":{"start":{"line":58,"column":0},"end":{"line":58,"column":81}},"58":{"start":{"line":59,"column":0},"end":{"line":59,"column":56}},"59":{"start":{"line":60,"column":0},"end":{"line":60,"column":95}},"60":{"start":{"line":61,"column":0},"end":{"line":61,"column":4}},"61":{"start":{"line":62,"column":0},"end":{"line":62,"column":3}},"62":{"start":{"line":63,"column":0},"end":{"line":63,"column":91}},"63":{"start":{"line":64,"column":0},"end":{"line":64,"column":158}},"64":{"start":{"line":65,"column":0},"end":{"line":65,"column":30}},"65":{"start":{"line":66,"column":0},"end":{"line":66,"column":99}},"66":{"start":{"line":67,"column":0},"end":{"line":67,"column":48}},"67":{"start":{"line":68,"column":0},"end":{"line":68,"column":99}},"68":{"start":{"line":69,"column":0},"end":{"line":69,"column":4}},"69":{"start":{"line":70,"column":0},"end":{"line":70,"column":3}},"70":{"start":{"line":71,"column":0},"end":{"line":71,"column":112}},"71":{"start":{"line":72,"column":0},"end":{"line":72,"column":178}},"72":{"start":{"line":73,"column":0},"end":{"line":73,"column":29}},"73":{"start":{"line":74,"column":0},"end":{"line":74,"column":99}},"74":{"start":{"line":75,"column":0},"end":{"line":75,"column":49}},"75":{"start":{"line":76,"column":0},"end":{"line":76,"column":98}},"76":{"start":{"line":77,"column":0},"end":{"line":77,"column":4}},"77":{"start":{"line":78,"column":0},"end":{"line":78,"column":3}},"78":{"start":{"line":79,"column":0},"end":{"line":79,"column":99}},"79":{"start":{"line":80,"column":0},"end":{"line":80,"column":137}},"80":{"start":{"line":81,"column":0},"end":{"line":81,"column":30}},"81":{"start":{"line":82,"column":0},"end":{"line":82,"column":112}},"82":{"start":{"line":83,"column":0},"end":{"line":83,"column":42}},"83":{"start":{"line":84,"column":0},"end":{"line":84,"column":102}},"84":{"start":{"line":85,"column":0},"end":{"line":85,"column":4}},"85":{"start":{"line":86,"column":0},"end":{"line":86,"column":3}},"86":{"start":{"line":87,"column":0},"end":{"line":87,"column":98}},"87":{"start":{"line":88,"column":0},"end":{"line":88,"column":89}},"88":{"start":{"line":89,"column":0},"end":{"line":89,"column":24}},"89":{"start":{"line":90,"column":0},"end":{"line":90,"column":102}},"90":{"start":{"line":91,"column":0},"end":{"line":91,"column":37}},"91":{"start":{"line":92,"column":0},"end":{"line":92,"column":73}},"92":{"start":{"line":93,"column":0},"end":{"line":93,"column":4}},"93":{"start":{"line":94,"column":0},"end":{"line":94,"column":3}},"94":{"start":{"line":95,"column":0},"end":{"line":95,"column":105}},"95":{"start":{"line":96,"column":0},"end":{"line":96,"column":167}},"96":{"start":{"line":97,"column":0},"end":{"line":97,"column":36}},"97":{"start":{"line":98,"column":0},"end":{"line":98,"column":80}},"98":{"start":{"line":99,"column":0},"end":{"line":99,"column":49}},"99":{"start":{"line":100,"column":0},"end":{"line":100,"column":84}},"100":{"start":{"line":101,"column":0},"end":{"line":101,"column":4}},"101":{"start":{"line":102,"column":0},"end":{"line":102,"column":2}}},"s":{"0":1,"1":136,"2":136,"4":1,"5":1,"6":1,"7":1,"8":1,"9":1,"10":1,"11":1,"12":1,"14":1,"15":164,"16":164,"17":164,"18":164,"20":1,"21":1,"22":1,"23":1,"24":1,"25":1,"26":1,"27":1,"28":1,"29":1,"30":1,"31":1,"32":1,"33":1,"34":1,"35":1,"36":1,"37":1,"38":1,"39":1,"40":1,"41":1,"42":1,"43":1,"44":1,"45":1,"46":1,"47":1,"48":1,"49":1,"50":1,"51":1,"52":1,"53":1,"54":1,"55":1,"56":1,"57":1,"58":1,"59":1,"60":1,"61":1,"62":1,"63":1,"64":1,"65":1,"66":1,"67":1,"68":1,"69":1,"70":1,"71":1,"72":1,"73":1,"74":1,"75":1,"76":1,"77":1,"78":1,"79":1,"80":1,"81":1,"82":1,"83":1,"84":1,"85":1,"86":1,"87":1,"88":1,"89":1,"90":1,"91":1,"92":1,"93":1,"94":1,"95":1,"96":1,"97":1,"98":1,"99":1,"100":1,"101":1},"branchMap":{"0":{"type":"branch","line":1,"loc":{"start":{"line":1,"column":7},"end":{"line":3,"column":1}},"locations":[{"start":{"line":1,"column":7},"end":{"line":3,"column":1}}]},"1":{"type":"branch","line":15,"loc":{"start":{"line":15,"column":7},"end":{"line":19,"column":1}},"locations":[{"start":{"line":15,"column":7},"end":{"line":19,"column":1}}]},"2":{"type":"branch","line":17,"loc":{"start":{"line":17,"column":40},"end":{"line":17,"column":83}},"locations":[{"start":{"line":17,"column":40},"end":{"line":17,"column":83}}]}},"b":{"0":[136],"1":[164],"2":[1734]},"fnMap":{"0":{"name":"uid","decl":{"start":{"line":1,"column":7},"end":{"line":3,"column":1}},"loc":{"start":{"line":1,"column":7},"end":{"line":3,"column":1}},"line":1},"1":{"name":"colorFor","decl":{"start":{"line":15,"column":7},"end":{"line":19,"column":1}},"loc":{"start":{"line":15,"column":7},"end":{"line":19,"column":1}},"line":15}},"f":{"0":136,"1":164}}
}
